{"/home/runner/work/meu-backend/meu-backend/src/app.module.ts": {"path":"/home/runner/work/meu-backend/meu-backend/src/app.module.ts","statementMap":{"0":{"start":{"line":1,"column":0},"end":{"line":1,"column":40}},"1":{"start":{"line":2,"column":0},"end":{"line":2,"column":61}},"2":{"start":{"line":3,"column":0},"end":{"line":3,"column":48}},"3":{"start":{"line":4,"column":0},"end":{"line":4,"column":50}},"4":{"start":{"line":5,"column":0},"end":{"line":5,"column":43}},"5":{"start":{"line":6,"column":0},"end":{"line":6,"column":43}},"6":{"start":{"line":7,"column":0},"end":{"line":7,"column":68}},"7":{"start":{"line":8,"column":0},"end":{"line":8,"column":41}},"8":{"start":{"line":9,"column":0},"end":{"line":9,"column":51}},"9":{"start":{"line":10,"column":0},"end":{"line":10,"column":57}},"10":{"start":{"line":11,"column":0},"end":{"line":11,"column":56}},"11":{"start":{"line":12,"column":0},"end":{"line":12,"column":60}},"12":{"start":{"line":13,"column":0},"end":{"line":13,"column":71}},"13":{"start":{"line":14,"column":0},"end":{"line":14,"column":65}},"14":{"start":{"line":15,"column":0},"end":{"line":15,"column":58}},"15":{"start":{"line":16,"column":0},"end":{"line":16,"column":62}},"16":{"start":{"line":17,"column":0},"end":{"line":17,"column":62}},"17":{"start":{"line":18,"column":0},"end":{"line":18,"column":58}},"18":{"start":{"line":19,"column":0},"end":{"line":19,"column":74}},"19":{"start":{"line":20,"column":0},"end":{"line":20,"column":80}},"20":{"start":{"line":21,"column":0},"end":{"line":21,"column":64}},"21":{"start":{"line":22,"column":0},"end":{"line":22,"column":56}},"22":{"start":{"line":106,"column":7},"end":{"line":106,"column":null}},"23":{"start":{"line":106,"column":13},"end":{"line":106,"column":22}},"24":{"start":{"line":106,"column":13},"end":{"line":106,"column":null}},"25":{"start":{"line":36,"column":46},"end":{"line":47,"column":8}},"26":{"start":{"line":62,"column":52},"end":{"line":80,"column":8}},"27":{"start":{"line":77,"column":29},"end":{"line":77,"column":50}}},"fnMap":{"0":{"name":"(anonymous_1)","decl":{"start":{"line":36,"column":18},"end":{"line":36,"column":19}},"loc":{"start":{"line":36,"column":46},"end":{"line":47,"column":8}}},"1":{"name":"(anonymous_2)","decl":{"start":{"line":62,"column":18},"end":{"line":62,"column":23}},"loc":{"start":{"line":62,"column":52},"end":{"line":80,"column":8}}},"2":{"name":"(anonymous_3)","decl":{"start":{"line":77,"column":20},"end":{"line":77,"column":21}},"loc":{"start":{"line":77,"column":29},"end":{"line":77,"column":50}}}},"branchMap":{"0":{"loc":{"start":{"line":46,"column":13},"end":{"line":46,"column":92}},"type":"cond-expr","locations":[{"start":{"line":46,"column":55},"end":{"line":46,"column":84}},{"start":{"line":46,"column":87},"end":{"line":46,"column":92}}]},"1":{"loc":{"start":{"line":65,"column":12},"end":{"line":67,"column":25}},"type":"cond-expr","locations":[{"start":{"line":66,"column":16},"end":{"line":66,"column":41}},{"start":{"line":67,"column":16},"end":{"line":67,"column":25}}]},"2":{"loc":{"start":{"line":69,"column":17},"end":{"line":69,"column":50}},"type":"binary-expr","locations":[{"start":{"line":69,"column":17},"end":{"line":69,"column":40}},{"start":{"line":69,"column":44},"end":{"line":69,"column":50}}]}},"s":{"0":0,"1":0,"2":0,"3":0,"4":0,"5":0,"6":0,"7":0,"8":0,"9":0,"10":0,"11":0,"12":0,"13":0,"14":0,"15":0,"16":0,"17":0,"18":0,"19":0,"20":0,"21":0,"22":0,"23":0,"24":0,"25":0,"26":0,"27":0},"f":{"0":0,"1":0,"2":0},"b":{"0":[0,0],"1":[0,0],"2":[0,0]}}
,"/home/runner/work/meu-backend/meu-backend/src/auth-test.controller.ts": {"path":"/home/runner/work/meu-backend/meu-backend/src/auth-test.controller.ts","statementMap":{"0":{"start":{"line":1,"column":0},"end":{"line":1,"column":65}},"1":{"start":{"line":2,"column":0},"end":{"line":2,"column":58}},"2":{"start":{"line":5,"column":7},"end":{"line":12,"column":null}},"3":{"start":{"line":10,"column":4},"end":{"line":10,"column":38}},"4":{"start":{"line":5,"column":13},"end":{"line":5,"column":31}},"5":{"start":{"line":8,"column":2},"end":{"line":11,"column":null}},"6":{"start":{"line":5,"column":13},"end":{"line":12,"column":null}}},"fnMap":{"0":{"name":"(anonymous_4)","decl":{"start":{"line":8,"column":2},"end":{"line":8,"column":12}},"loc":{"start":{"line":8,"column":28},"end":{"line":11,"column":3}}}},"branchMap":{},"s":{"0":0,"1":0,"2":0,"3":0,"4":0,"5":0,"6":0},"f":{"0":0},"b":{}}
,"/home/runner/work/meu-backend/meu-backend/src/firebase-auth.guard.ts": {"path":"/home/runner/work/meu-backend/meu-backend/src/firebase-auth.guard.ts","statementMap":{"0":{"start":{"line":1,"column":0},"end":{"line":1,"column":98}},"1":{"start":{"line":2,"column":0},"end":{"line":2,"column":62}},"2":{"start":{"line":5,"column":7},"end":{"line":18,"column":null}},"3":{"start":{"line":6,"column":31},"end":{"line":6,"column":52}},"4":{"start":{"line":9,"column":20},"end":{"line":9,"column":55}},"5":{"start":{"line":10,"column":23},"end":{"line":10,"column":55}},"6":{"start":{"line":11,"column":4},"end":{"line":13,"column":5}},"7":{"start":{"line":12,"column":6},"end":{"line":12,"column":61}},"8":{"start":{"line":14,"column":18},"end":{"line":14,"column":42}},"9":{"start":{"line":15,"column":4},"end":{"line":15,"column":69}},"10":{"start":{"line":16,"column":4},"end":{"line":16,"column":16}},"11":{"start":{"line":5,"column":13},"end":{"line":5,"column":30}},"12":{"start":{"line":5,"column":13},"end":{"line":18,"column":null}}},"fnMap":{"0":{"name":"(anonymous_2)","decl":{"start":{"line":6,"column":2},"end":{"line":6,"column":31}},"loc":{"start":{"line":6,"column":71},"end":{"line":6,"column":75}}},"1":{"name":"(anonymous_3)","decl":{"start":{"line":8,"column":2},"end":{"line":8,"column":7}},"loc":{"start":{"line":8,"column":45},"end":{"line":17,"column":3}}}},"branchMap":{"0":{"loc":{"start":{"line":11,"column":4},"end":{"line":13,"column":5}},"type":"if","locations":[{"start":{"line":11,"column":4},"end":{"line":13,"column":5}}]},"1":{"loc":{"start":{"line":11,"column":8},"end":{"line":11,"column":56}},"type":"binary-expr","locations":[{"start":{"line":11,"column":8},"end":{"line":11,"column":19}},{"start":{"line":11,"column":23},"end":{"line":11,"column":56}}]}},"s":{"0":0,"1":0,"2":0,"3":0,"4":0,"5":0,"6":0,"7":0,"8":0,"9":0,"10":0,"11":0,"12":0},"f":{"0":0,"1":0},"b":{"0":[0],"1":[0,0]}}
,"/home/runner/work/meu-backend/meu-backend/src/firebase-auth.service.ts": {"path":"/home/runner/work/meu-backend/meu-backend/src/firebase-auth.service.ts","statementMap":{"0":{"start":{"line":1,"column":0},"end":{"line":1,"column":67}},"1":{"start":{"line":2,"column":0},"end":{"line":2,"column":36}},"2":{"start":{"line":5,"column":7},"end":{"line":14,"column":null}},"3":{"start":{"line":7,"column":4},"end":{"line":12,"column":5}},"4":{"start":{"line":8,"column":22},"end":{"line":8,"column":63}},"5":{"start":{"line":9,"column":6},"end":{"line":9,"column":21}},"6":{"start":{"line":11,"column":6},"end":{"line":11,"column":77}},"7":{"start":{"line":5,"column":13},"end":{"line":5,"column":32}},"8":{"start":{"line":5,"column":13},"end":{"line":14,"column":null}}},"fnMap":{"0":{"name":"(anonymous_2)","decl":{"start":{"line":6,"column":2},"end":{"line":6,"column":7}},"loc":{"start":{"line":6,"column":35},"end":{"line":13,"column":3}}}},"branchMap":{},"s":{"0":0,"1":0,"2":0,"3":0,"4":0,"5":0,"6":0,"7":0,"8":0},"f":{"0":0},"b":{}}
,"/home/runner/work/meu-backend/meu-backend/src/firebaseAdmin.ts": {"path":"/home/runner/work/meu-backend/meu-backend/src/firebaseAdmin.ts","statementMap":{"0":{"start":{"line":1,"column":0},"end":{"line":1,"column":40}},"1":{"start":{"line":2,"column":0},"end":{"line":2,"column":34}},"2":{"start":{"line":18,"column":2},"end":{"line":20,"column":3}},"3":{"start":{"line":19,"column":4},"end":{"line":19,"column":11}},"4":{"start":{"line":22,"column":2},"end":{"line":64,"column":3}},"5":{"start":{"line":24,"column":4},"end":{"line":33,"column":5}},"6":{"start":{"line":26,"column":29},"end":{"line":26,"column":82}},"7":{"start":{"line":27,"column":6},"end":{"line":30,"column":9}},"8":{"start":{"line":31,"column":6},"end":{"line":31,"column":79}},"9":{"start":{"line":32,"column":6},"end":{"line":32,"column":13}},"10":{"start":{"line":36,"column":4},"end":{"line":55,"column":5}},"11":{"start":{"line":38,"column":23},"end":{"line":38,"column":65}},"12":{"start":{"line":41,"column":6},"end":{"line":43,"column":7}},"13":{"start":{"line":42,"column":8},"end":{"line":42,"column":90}},"14":{"start":{"line":46,"column":26},"end":{"line":46,"column":56}},"15":{"start":{"line":47,"column":29},"end":{"line":47,"column":52}},"16":{"start":{"line":49,"column":6},"end":{"line":52,"column":9}},"17":{"start":{"line":53,"column":6},"end":{"line":53,"column":72}},"18":{"start":{"line":54,"column":6},"end":{"line":54,"column":13}},"19":{"start":{"line":58,"column":4},"end":{"line":58,"column":26}},"20":{"start":{"line":59,"column":4},"end":{"line":59,"column":79}},"21":{"start":{"line":62,"column":4},"end":{"line":62,"column":80}},"22":{"start":{"line":63,"column":4},"end":{"line":63,"column":105}},"23":{"start":{"line":67,"column":0},"end":{"line":67,"column":12}},"24":{"start":{"line":69,"column":0},"end":{"line":69,"column":21}}},"fnMap":{"0":{"name":"initAdmin","decl":{"start":{"line":16,"column":9},"end":{"line":16,"column":18}},"loc":{"start":{"line":16,"column":18},"end":{"line":65,"column":1}}}},"branchMap":{"0":{"loc":{"start":{"line":18,"column":2},"end":{"line":20,"column":3}},"type":"if","locations":[{"start":{"line":18,"column":2},"end":{"line":20,"column":3}}]},"1":{"loc":{"start":{"line":24,"column":4},"end":{"line":33,"column":5}},"type":"if","locations":[{"start":{"line":24,"column":4},"end":{"line":33,"column":5}}]},"2":{"loc":{"start":{"line":36,"column":4},"end":{"line":55,"column":5}},"type":"if","locations":[{"start":{"line":36,"column":4},"end":{"line":55,"column":5}}]},"3":{"loc":{"start":{"line":41,"column":6},"end":{"line":43,"column":7}},"type":"if","locations":[{"start":{"line":41,"column":6},"end":{"line":43,"column":7}}]},"4":{"loc":{"start":{"line":62,"column":55},"end":{"line":62,"column":78}},"type":"binary-expr","locations":[{"start":{"line":62,"column":55},"end":{"line":62,"column":69}},{"start":{"line":62,"column":73},"end":{"line":62,"column":78}}]},"5":{"loc":{"start":{"line":63,"column":64},"end":{"line":63,"column":101}},"type":"binary-expr","locations":[{"start":{"line":63,"column":64},"end":{"line":63,"column":78}},{"start":{"line":63,"column":82},"end":{"line":63,"column":101}}]}},"s":{"0":0,"1":0,"2":0,"3":0,"4":0,"5":0,"6":0,"7":0,"8":0,"9":0,"10":0,"11":0,"12":0,"13":0,"14":0,"15":0,"16":0,"17":0,"18":0,"19":0,"20":0,"21":0,"22":0,"23":0,"24":0},"f":{"0":0},"b":{"0":[0],"1":[0],"2":[0],"3":[0],"4":[0,0],"5":[0,0]}}
,"/home/runner/work/meu-backend/meu-backend/src/config/config.schema.ts": {"path":"/home/runner/work/meu-backend/meu-backend/src/config/config.schema.ts","statementMap":{"0":{"start":{"line":1,"column":0},"end":{"line":1,"column":27}},"1":{"start":{"line":11,"column":13},"end":{"line":17,"column":3}}},"fnMap":{},"branchMap":{},"s":{"0":0,"1":0},"f":{},"b":{}}
,"/home/runner/work/meu-backend/meu-backend/src/core/tenant.guard.ts": {"path":"/home/runner/work/meu-backend/meu-backend/src/core/tenant.guard.ts","statementMap":{"0":{"start":{"line":1,"column":0},"end":{"line":1,"column":75}},"1":{"start":{"line":3,"column":7},"end":{"line":9,"column":null}},"2":{"start":{"line":5,"column":16},"end":{"line":5,"column":47}},"3":{"start":{"line":6,"column":4},"end":{"line":6,"column":81}},"4":{"start":{"line":7,"column":4},"end":{"line":7,"column":16}},"5":{"start":{"line":3,"column":13},"end":{"line":3,"column":24}},"6":{"start":{"line":3,"column":13},"end":{"line":9,"column":null}}},"fnMap":{"0":{"name":"(anonymous_1)","decl":{"start":{"line":4,"column":2},"end":{"line":4,"column":13}},"loc":{"start":{"line":4,"column":35},"end":{"line":8,"column":3}}}},"branchMap":{"0":{"loc":{"start":{"line":6,"column":19},"end":{"line":6,"column":80}},"type":"binary-expr","locations":[{"start":{"line":6,"column":19},"end":{"line":6,"column":45}},{"start":{"line":6,"column":50},"end":{"line":6,"column":58}},{"start":{"line":6,"column":62},"end":{"line":6,"column":79}}]}},"s":{"0":0,"1":0,"2":0,"3":0,"4":0,"5":0,"6":0},"f":{"0":0},"b":{"0":[0,0,0]}}
,"/home/runner/work/meu-backend/meu-backend/src/cron/cron.module.ts": {"path":"/home/runner/work/meu-backend/meu-backend/src/cron/cron.module.ts","statementMap":{"0":{"start":{"line":1,"column":0},"end":{"line":1,"column":40}},"1":{"start":{"line":2,"column":0},"end":{"line":2,"column":50}},"2":{"start":{"line":3,"column":0},"end":{"line":3,"column":45}},"3":{"start":{"line":4,"column":0},"end":{"line":4,"column":57}},"4":{"start":{"line":5,"column":0},"end":{"line":5,"column":72}},"5":{"start":{"line":15,"column":7},"end":{"line":15,"column":null}},"6":{"start":{"line":15,"column":13},"end":{"line":15,"column":23}},"7":{"start":{"line":15,"column":13},"end":{"line":15,"column":null}}},"fnMap":{},"branchMap":{},"s":{"0":0,"1":0,"2":0,"3":0,"4":0,"5":0,"6":0,"7":0},"f":{},"b":{}}
,"/home/runner/work/meu-backend/meu-backend/src/cron/cron.service.ts": {"path":"/home/runner/work/meu-backend/meu-backend/src/cron/cron.service.ts","statementMap":{"0":{"start":{"line":1,"column":0},"end":{"line":1,"column":52}},"1":{"start":{"line":2,"column":0},"end":{"line":2,"column":56}},"2":{"start":{"line":3,"column":0},"end":{"line":3,"column":59}},"3":{"start":{"line":4,"column":0},"end":{"line":4,"column":83}},"4":{"start":{"line":14,"column":24},"end":{"line":84,"column":null}},"5":{"start":{"line":18,"column":21},"end":{"line":18,"column":34}},"6":{"start":{"line":19,"column":21},"end":{"line":19,"column":43}},"7":{"start":{"line":15,"column":19},"end":{"line":15,"column":57}},"8":{"start":{"line":28,"column":4},"end":{"line":28,"column":57}},"9":{"start":{"line":30,"column":4},"end":{"line":41,"column":5}},"10":{"start":{"line":31,"column":58},"end":{"line":31,"column":105}},"11":{"start":{"line":33,"column":6},"end":{"line":37,"column":7}},"12":{"start":{"line":34,"column":8},"end":{"line":36,"column":10}},"13":{"start":{"line":39,"column":18},"end":{"line":39,"column":32}},"14":{"start":{"line":40,"column":6},"end":{"line":40,"column":79}},"15":{"start":{"line":50,"column":4},"end":{"line":50,"column":62}},"16":{"start":{"line":52,"column":4},"end":{"line":61,"column":5}},"17":{"start":{"line":53,"column":66},"end":{"line":53,"column":126}},"18":{"start":{"line":55,"column":6},"end":{"line":57,"column":8}},"19":{"start":{"line":59,"column":18},"end":{"line":59,"column":32}},"20":{"start":{"line":60,"column":6},"end":{"line":60,"column":80}},"21":{"start":{"line":70,"column":4},"end":{"line":70,"column":56}},"22":{"start":{"line":72,"column":4},"end":{"line":82,"column":5}},"23":{"start":{"line":78,"column":6},"end":{"line":78,"column":45}},"24":{"start":{"line":80,"column":18},"end":{"line":80,"column":32}},"25":{"start":{"line":81,"column":6},"end":{"line":81,"column":72}},"26":{"start":{"line":14,"column":13},"end":{"line":14,"column":24}},"27":{"start":{"line":27,"column":8},"end":{"line":42,"column":null}},"28":{"start":{"line":49,"column":8},"end":{"line":62,"column":null}},"29":{"start":{"line":69,"column":8},"end":{"line":83,"column":null}},"30":{"start":{"line":14,"column":13},"end":{"line":84,"column":null}}},"fnMap":{"0":{"name":"(anonymous_2)","decl":{"start":{"line":17,"column":2},"end":{"line":17,"column":null}},"loc":{"start":{"line":19,"column":63},"end":{"line":20,"column":6}}},"1":{"name":"(anonymous_3)","decl":{"start":{"line":27,"column":2},"end":{"line":27,"column":7}},"loc":{"start":{"line":27,"column":21},"end":{"line":42,"column":3}}},"2":{"name":"(anonymous_4)","decl":{"start":{"line":49,"column":2},"end":{"line":49,"column":7}},"loc":{"start":{"line":49,"column":29},"end":{"line":62,"column":3}}},"3":{"name":"(anonymous_5)","decl":{"start":{"line":69,"column":2},"end":{"line":69,"column":7}},"loc":{"start":{"line":69,"column":22},"end":{"line":83,"column":3}}}},"branchMap":{"0":{"loc":{"start":{"line":33,"column":6},"end":{"line":37,"column":7}},"type":"if","locations":[{"start":{"line":33,"column":6},"end":{"line":37,"column":7}}]},"1":{"loc":{"start":{"line":33,"column":10},"end":{"line":33,"column":52}},"type":"binary-expr","locations":[{"start":{"line":33,"column":10},"end":{"line":33,"column":28}},{"start":{"line":33,"column":32},"end":{"line":33,"column":52}}]}},"s":{"0":0,"1":0,"2":0,"3":0,"4":0,"5":0,"6":0,"7":0,"8":0,"9":0,"10":0,"11":0,"12":0,"13":0,"14":0,"15":0,"16":0,"17":0,"18":0,"19":0,"20":0,"21":0,"22":0,"23":0,"24":0,"25":0,"26":0,"27":0,"28":0,"29":0,"30":0},"f":{"0":0,"1":0,"2":0,"3":0},"b":{"0":[0],"1":[0,0]}}
,"/home/runner/work/meu-backend/meu-backend/src/firestore/firestore.controller.ts": {"path":"/home/runner/work/meu-backend/meu-backend/src/firestore/firestore.controller.ts","statementMap":{"0":{"start":{"line":1,"column":0},"end":{"line":1,"column":92}},"1":{"start":{"line":2,"column":0},"end":{"line":2,"column":55}},"2":{"start":{"line":3,"column":0},"end":{"line":3,"column":59}},"3":{"start":{"line":7,"column":7},"end":{"line":34,"column":null}},"4":{"start":{"line":8,"column":31},"end":{"line":8,"column":35}},"5":{"start":{"line":12,"column":4},"end":{"line":12,"column":44}},"6":{"start":{"line":17,"column":4},"end":{"line":17,"column":39}},"7":{"start":{"line":22,"column":4},"end":{"line":22,"column":36}},"8":{"start":{"line":27,"column":4},"end":{"line":27,"column":48}},"9":{"start":{"line":32,"column":4},"end":{"line":32,"column":42}},"10":{"start":{"line":7,"column":13},"end":{"line":7,"column":32}},"11":{"start":{"line":11,"column":8},"end":{"line":13,"column":null}},"12":{"start":{"line":16,"column":8},"end":{"line":18,"column":null}},"13":{"start":{"line":21,"column":8},"end":{"line":23,"column":null}},"14":{"start":{"line":26,"column":8},"end":{"line":28,"column":null}},"15":{"start":{"line":31,"column":8},"end":{"line":33,"column":null}},"16":{"start":{"line":7,"column":13},"end":{"line":34,"column":null}}},"fnMap":{"0":{"name":"(anonymous_4)","decl":{"start":{"line":8,"column":2},"end":{"line":8,"column":31}},"loc":{"start":{"line":8,"column":51},"end":{"line":8,"column":55}}},"1":{"name":"(anonymous_5)","decl":{"start":{"line":11,"column":2},"end":{"line":11,"column":7}},"loc":{"start":{"line":11,"column":73},"end":{"line":13,"column":3}}},"2":{"name":"(anonymous_6)","decl":{"start":{"line":16,"column":2},"end":{"line":16,"column":7}},"loc":{"start":{"line":16,"column":76},"end":{"line":18,"column":3}}},"3":{"name":"(anonymous_7)","decl":{"start":{"line":21,"column":2},"end":{"line":21,"column":7}},"loc":{"start":{"line":21,"column":52},"end":{"line":23,"column":3}}},"4":{"name":"(anonymous_8)","decl":{"start":{"line":26,"column":2},"end":{"line":26,"column":7}},"loc":{"start":{"line":26,"column":98},"end":{"line":28,"column":3}}},"5":{"name":"(anonymous_9)","decl":{"start":{"line":31,"column":2},"end":{"line":31,"column":7}},"loc":{"start":{"line":31,"column":79},"end":{"line":33,"column":3}}}},"branchMap":{},"s":{"0":0,"1":0,"2":0,"3":0,"4":0,"5":0,"6":0,"7":0,"8":0,"9":0,"10":0,"11":0,"12":0,"13":0,"14":0,"15":0,"16":0},"f":{"0":0,"1":0,"2":0,"3":0,"4":0,"5":0},"b":{}}
,"/home/runner/work/meu-backend/meu-backend/src/firestore/firestore.service.ts": {"path":"/home/runner/work/meu-backend/meu-backend/src/firestore/firestore.service.ts","statementMap":{"0":{"start":{"line":1,"column":0},"end":{"line":1,"column":52}},"1":{"start":{"line":2,"column":0},"end":{"line":2,"column":37}},"2":{"start":{"line":5,"column":29},"end":{"line":34,"column":null}},"3":{"start":{"line":6,"column":19},"end":{"line":6,"column":62}},"4":{"start":{"line":7,"column":10},"end":{"line":7,"column":33}},"5":{"start":{"line":10,"column":16},"end":{"line":10,"column":126}},"6":{"start":{"line":11,"column":4},"end":{"line":11,"column":26}},"7":{"start":{"line":15,"column":16},"end":{"line":15,"column":66}},"8":{"start":{"line":16,"column":4},"end":{"line":16,"column":33}},"9":{"start":{"line":16,"column":21},"end":{"line":16,"column":33}},"10":{"start":{"line":17,"column":4},"end":{"line":17,"column":41}},"11":{"start":{"line":21,"column":21},"end":{"line":21,"column":76}},"12":{"start":{"line":22,"column":4},"end":{"line":22,"column":63}},"13":{"start":{"line":22,"column":35},"end":{"line":22,"column":60}},"14":{"start":{"line":26,"column":4},"end":{"line":26,"column":140}},"15":{"start":{"line":27,"column":4},"end":{"line":27,"column":18}},"16":{"start":{"line":31,"column":4},"end":{"line":31,"column":58}},"17":{"start":{"line":32,"column":4},"end":{"line":32,"column":18}},"18":{"start":{"line":5,"column":13},"end":{"line":5,"column":29}},"19":{"start":{"line":5,"column":13},"end":{"line":34,"column":null}}},"fnMap":{"0":{"name":"(anonymous_2)","decl":{"start":{"line":5,"column":7},"end":{"line":5,"column":13}},"loc":{"start":{"line":5,"column":7},"end":{"line":34,"column":1}}},"1":{"name":"(anonymous_3)","decl":{"start":{"line":9,"column":2},"end":{"line":9,"column":7}},"loc":{"start":{"line":9,"column":44},"end":{"line":12,"column":3}}},"2":{"name":"(anonymous_4)","decl":{"start":{"line":14,"column":2},"end":{"line":14,"column":7}},"loc":{"start":{"line":14,"column":42},"end":{"line":18,"column":3}}},"3":{"name":"(anonymous_5)","decl":{"start":{"line":20,"column":2},"end":{"line":20,"column":7}},"loc":{"start":{"line":20,"column":43},"end":{"line":23,"column":3}}},"4":{"name":"(anonymous_6)","decl":{"start":{"line":22,"column":29},"end":{"line":22,"column":30}},"loc":{"start":{"line":22,"column":35},"end":{"line":22,"column":60}}},"5":{"name":"(anonymous_7)","decl":{"start":{"line":25,"column":2},"end":{"line":25,"column":7}},"loc":{"start":{"line":25,"column":56},"end":{"line":28,"column":3}}},"6":{"name":"(anonymous_8)","decl":{"start":{"line":30,"column":2},"end":{"line":30,"column":7}},"loc":{"start":{"line":30,"column":45},"end":{"line":33,"column":3}}}},"branchMap":{"0":{"loc":{"start":{"line":16,"column":4},"end":{"line":16,"column":33}},"type":"if","locations":[{"start":{"line":16,"column":4},"end":{"line":16,"column":33}}]},"1":{"loc":{"start":{"line":20,"column":33},"end":{"line":20,"column":43}},"type":"default-arg","locations":[{"start":{"line":20,"column":41},"end":{"line":20,"column":43}}]}},"s":{"0":0,"1":0,"2":0,"3":0,"4":0,"5":0,"6":0,"7":0,"8":0,"9":0,"10":0,"11":0,"12":0,"13":0,"14":0,"15":0,"16":0,"17":0,"18":0,"19":0},"f":{"0":0,"1":0,"2":0,"3":0,"4":0,"5":0,"6":0},"b":{"0":[0],"1":[0]}}
,"/home/runner/work/meu-backend/meu-backend/src/health/health.controller.ts": {"path":"/home/runner/work/meu-backend/meu-backend/src/health/health.controller.ts","statementMap":{"0":{"start":{"line":1,"column":0},"end":{"line":1,"column":49}},"1":{"start":{"line":4,"column":7},"end":{"line":51,"column":null}},"2":{"start":{"line":26,"column":4},"end":{"line":26,"column":65}},"3":{"start":{"line":49,"column":4},"end":{"line":49,"column":31}},"4":{"start":{"line":4,"column":13},"end":{"line":4,"column":29}},"5":{"start":{"line":25,"column":2},"end":{"line":27,"column":null}},"6":{"start":{"line":48,"column":2},"end":{"line":50,"column":null}},"7":{"start":{"line":4,"column":13},"end":{"line":51,"column":null}}},"fnMap":{"0":{"name":"(anonymous_2)","decl":{"start":{"line":25,"column":2},"end":{"line":25,"column":11}},"loc":{"start":{"line":25,"column":11},"end":{"line":27,"column":3}}},"1":{"name":"(anonymous_3)","decl":{"start":{"line":48,"column":2},"end":{"line":48,"column":10}},"loc":{"start":{"line":48,"column":10},"end":{"line":50,"column":3}}}},"branchMap":{},"s":{"0":0,"1":0,"2":0,"3":0,"4":0,"5":0,"6":0,"7":0},"f":{"0":0,"1":0},"b":{}}
,"/home/runner/work/meu-backend/meu-backend/src/integrations/webhook.service.ts": {"path":"/home/runner/work/meu-backend/meu-backend/src/integrations/webhook.service.ts","statementMap":{"0":{"start":{"line":1,"column":0},"end":{"line":1,"column":79}},"1":{"start":{"line":2,"column":0},"end":{"line":2,"column":44}},"2":{"start":{"line":3,"column":0},"end":{"line":3,"column":47}},"3":{"start":{"line":4,"column":0},"end":{"line":4,"column":50}},"4":{"start":{"line":12,"column":27},"end":{"line":118,"column":null}},"5":{"start":{"line":18,"column":21},"end":{"line":18,"column":34}},"6":{"start":{"line":19,"column":21},"end":{"line":19,"column":36}},"7":{"start":{"line":13,"column":19},"end":{"line":13,"column":60}},"8":{"start":{"line":21,"column":4},"end":{"line":21,"column":74}},"9":{"start":{"line":22,"column":4},"end":{"line":22,"column":78}},"10":{"start":{"line":37,"column":16},"end":{"line":37,"column":44}},"11":{"start":{"line":38,"column":18},"end":{"line":38,"column":50}},"12":{"start":{"line":40,"column":4},"end":{"line":45,"column":5}},"13":{"start":{"line":41,"column":6},"end":{"line":44,"column":8}},"14":{"start":{"line":47,"column":4},"end":{"line":47,"column":72}},"15":{"start":{"line":49,"column":4},"end":{"line":84,"column":5}},"16":{"start":{"line":50,"column":23},"end":{"line":76,"column":null}},"17":{"start":{"line":61,"column":12},"end":{"line":75,"column":13}},"18":{"start":{"line":62,"column":14},"end":{"line":64,"column":16}},"19":{"start":{"line":65,"column":14},"end":{"line":68,"column":16}},"20":{"start":{"line":70,"column":14},"end":{"line":70,"column":84}},"21":{"start":{"line":71,"column":14},"end":{"line":74,"column":16}},"22":{"start":{"line":79,"column":23},"end":{"line":79,"column":53}},"23":{"start":{"line":80,"column":6},"end":{"line":80,"column":78}},"24":{"start":{"line":81,"column":6},"end":{"line":81,"column":27}},"25":{"start":{"line":83,"column":6},"end":{"line":83,"column":18}},"26":{"start":{"line":92,"column":20},"end":{"line":92,"column":70}},"27":{"start":{"line":93,"column":22},"end":{"line":93,"column":66}},"28":{"start":{"line":95,"column":4},"end":{"line":98,"column":5}},"29":{"start":{"line":96,"column":6},"end":{"line":96,"column":88}},"30":{"start":{"line":97,"column":6},"end":{"line":97,"column":64}},"31":{"start":{"line":100,"column":4},"end":{"line":100,"column":57}},"32":{"start":{"line":108,"column":22},"end":{"line":108,"column":74}},"33":{"start":{"line":110,"column":4},"end":{"line":113,"column":5}},"34":{"start":{"line":111,"column":6},"end":{"line":111,"column":88}},"35":{"start":{"line":112,"column":6},"end":{"line":112,"column":62}},"36":{"start":{"line":116,"column":4},"end":{"line":116,"column":48}},"37":{"start":{"line":12,"column":13},"end":{"line":12,"column":27}},"38":{"start":{"line":12,"column":13},"end":{"line":118,"column":null}}},"fnMap":{"0":{"name":"(anonymous_2)","decl":{"start":{"line":17,"column":2},"end":{"line":17,"column":null}},"loc":{"start":{"line":19,"column":49},"end":{"line":23,"column":3}}},"1":{"name":"(anonymous_3)","decl":{"start":{"line":32,"column":2},"end":{"line":32,"column":7}},"loc":{"start":{"line":35,"column":24},"end":{"line":85,"column":3}}},"2":{"name":"(anonymous_4)","decl":{"start":{"line":60,"column":21},"end":{"line":60,"column":22}},"loc":{"start":{"line":60,"column":43},"end":{"line":76,"column":11}}},"3":{"name":"(anonymous_5)","decl":{"start":{"line":91,"column":2},"end":{"line":91,"column":7}},"loc":{"start":{"line":91,"column":31},"end":{"line":101,"column":3}}},"4":{"name":"(anonymous_6)","decl":{"start":{"line":107,"column":2},"end":{"line":107,"column":7}},"loc":{"start":{"line":107,"column":33},"end":{"line":117,"column":3}}}},"branchMap":{"0":{"loc":{"start":{"line":21,"column":22},"end":{"line":21,"column":73}},"type":"binary-expr","locations":[{"start":{"line":21,"column":22},"end":{"line":21,"column":67}},{"start":{"line":21,"column":71},"end":{"line":21,"column":73}}]},"1":{"loc":{"start":{"line":22,"column":24},"end":{"line":22,"column":77}},"type":"binary-expr","locations":[{"start":{"line":22,"column":24},"end":{"line":22,"column":71}},{"start":{"line":22,"column":75},"end":{"line":22,"column":77}}]},"2":{"loc":{"start":{"line":37,"column":16},"end":{"line":37,"column":44}},"type":"binary-expr","locations":[{"start":{"line":37,"column":16},"end":{"line":37,"column":25}},{"start":{"line":37,"column":29},"end":{"line":37,"column":44}}]},"3":{"loc":{"start":{"line":38,"column":18},"end":{"line":38,"column":50}},"type":"binary-expr","locations":[{"start":{"line":38,"column":18},"end":{"line":38,"column":29}},{"start":{"line":38,"column":33},"end":{"line":38,"column":50}}]},"4":{"loc":{"start":{"line":40,"column":4},"end":{"line":45,"column":5}},"type":"if","locations":[{"start":{"line":40,"column":4},"end":{"line":45,"column":5}}]},"5":{"loc":{"start":{"line":61,"column":12},"end":{"line":75,"column":13}},"type":"if","locations":[{"start":{"line":61,"column":12},"end":{"line":75,"column":13}},{"start":{"line":69,"column":19},"end":{"line":75,"column":13}}]},"6":{"loc":{"start":{"line":66,"column":16},"end":{"line":66,"column":63}},"type":"binary-expr","locations":[{"start":{"line":66,"column":16},"end":{"line":66,"column":35}},{"start":{"line":66,"column":39},"end":{"line":66,"column":63}}]},"7":{"loc":{"start":{"line":95,"column":4},"end":{"line":98,"column":5}},"type":"if","locations":[{"start":{"line":95,"column":4},"end":{"line":98,"column":5}}]},"8":{"loc":{"start":{"line":110,"column":4},"end":{"line":113,"column":5}},"type":"if","locations":[{"start":{"line":110,"column":4},"end":{"line":113,"column":5}}]}},"s":{"0":0,"1":0,"2":0,"3":0,"4":0,"5":0,"6":0,"7":0,"8":0,"9":0,"10":0,"11":0,"12":0,"13":0,"14":0,"15":0,"16":0,"17":0,"18":0,"19":0,"20":0,"21":0,"22":0,"23":0,"24":0,"25":0,"26":0,"27":0,"28":0,"29":0,"30":0,"31":0,"32":0,"33":0,"34":0,"35":0,"36":0,"37":0,"38":0},"f":{"0":0,"1":0,"2":0,"3":0,"4":0},"b":{"0":[0,0],"1":[0,0],"2":[0,0],"3":[0,0],"4":[0],"5":[0,0],"6":[0,0],"7":[0],"8":[0]}}
,"/home/runner/work/meu-backend/meu-backend/src/leads/leads.controller.ts": {"path":"/home/runner/work/meu-backend/meu-backend/src/leads/leads.controller.ts","statementMap":{"0":{"start":{"line":1,"column":0},"end":{"line":1,"column":94}},"1":{"start":{"line":2,"column":0},"end":{"line":2,"column":47}},"2":{"start":{"line":3,"column":0},"end":{"line":3,"column":62}},"3":{"start":{"line":14,"column":7},"end":{"line":32,"column":null}},"4":{"start":{"line":15,"column":31},"end":{"line":15,"column":45}},"5":{"start":{"line":19,"column":4},"end":{"line":30,"column":5}},"6":{"start":{"line":20,"column":21},"end":{"line":20,"column":82}},"7":{"start":{"line":21,"column":6},"end":{"line":24,"column":8}},"8":{"start":{"line":26,"column":6},"end":{"line":29,"column":8}},"9":{"start":{"line":14,"column":13},"end":{"line":14,"column":28}},"10":{"start":{"line":18,"column":8},"end":{"line":31,"column":null}},"11":{"start":{"line":14,"column":13},"end":{"line":32,"column":null}}},"fnMap":{"0":{"name":"(anonymous_4)","decl":{"start":{"line":15,"column":2},"end":{"line":15,"column":31}},"loc":{"start":{"line":15,"column":57},"end":{"line":15,"column":61}}},"1":{"name":"(anonymous_5)","decl":{"start":{"line":18,"column":2},"end":{"line":18,"column":7}},"loc":{"start":{"line":18,"column":51},"end":{"line":31,"column":3}}}},"branchMap":{"0":{"loc":{"start":{"line":27,"column":8},"end":{"line":27,"column":46}},"type":"binary-expr","locations":[{"start":{"line":27,"column":8},"end":{"line":27,"column":22}},{"start":{"line":27,"column":26},"end":{"line":27,"column":46}}]},"1":{"loc":{"start":{"line":28,"column":8},"end":{"line":28,"column":57}},"type":"binary-expr","locations":[{"start":{"line":28,"column":8},"end":{"line":28,"column":21}},{"start":{"line":28,"column":25},"end":{"line":28,"column":57}}]}},"s":{"0":0,"1":0,"2":0,"3":0,"4":0,"5":0,"6":0,"7":0,"8":0,"9":0,"10":0,"11":0},"f":{"0":0,"1":0},"b":{"0":[0,0],"1":[0,0]}}
,"/home/runner/work/meu-backend/meu-backend/src/leads/leads.module.ts": {"path":"/home/runner/work/meu-backend/meu-backend/src/leads/leads.module.ts","statementMap":{"0":{"start":{"line":1,"column":0},"end":{"line":1,"column":40}},"1":{"start":{"line":2,"column":0},"end":{"line":2,"column":43}},"2":{"start":{"line":3,"column":0},"end":{"line":3,"column":61}},"3":{"start":{"line":4,"column":0},"end":{"line":4,"column":47}},"4":{"start":{"line":5,"column":0},"end":{"line":5,"column":53}},"5":{"start":{"line":6,"column":0},"end":{"line":6,"column":72}},"6":{"start":{"line":31,"column":7},"end":{"line":31,"column":null}},"7":{"start":{"line":31,"column":13},"end":{"line":31,"column":24}},"8":{"start":{"line":31,"column":13},"end":{"line":31,"column":null}},"9":{"start":{"line":19,"column":8},"end":{"line":24,"column":10}}},"fnMap":{"0":{"name":"(anonymous_1)","decl":{"start":{"line":18,"column":18},"end":{"line":18,"column":19}},"loc":{"start":{"line":18,"column":63},"end":{"line":25,"column":7}}}},"branchMap":{"0":{"loc":{"start":{"line":20,"column":19},"end":{"line":20,"column":67}},"type":"binary-expr","locations":[{"start":{"line":20,"column":19},"end":{"line":20,"column":61}},{"start":{"line":20,"column":65},"end":{"line":20,"column":67}}]},"1":{"loc":{"start":{"line":21,"column":18},"end":{"line":21,"column":64}},"type":"binary-expr","locations":[{"start":{"line":21,"column":18},"end":{"line":21,"column":58}},{"start":{"line":21,"column":62},"end":{"line":21,"column":64}}]},"2":{"loc":{"start":{"line":22,"column":25},"end":{"line":22,"column":74}},"type":"binary-expr","locations":[{"start":{"line":22,"column":25},"end":{"line":22,"column":68}},{"start":{"line":22,"column":72},"end":{"line":22,"column":74}}]},"3":{"loc":{"start":{"line":23,"column":25},"end":{"line":23,"column":74}},"type":"binary-expr","locations":[{"start":{"line":23,"column":25},"end":{"line":23,"column":68}},{"start":{"line":23,"column":72},"end":{"line":23,"column":74}}]}},"s":{"0":0,"1":0,"2":0,"3":0,"4":0,"5":0,"6":0,"7":0,"8":0,"9":0},"f":{"0":0},"b":{"0":[0,0],"1":[0,0],"2":[0,0],"3":[0,0]}}
,"/home/runner/work/meu-backend/meu-backend/src/leads/leads.service.ts": {"path":"/home/runner/work/meu-backend/meu-backend/src/leads/leads.service.ts","statementMap":{"0":{"start":{"line":1,"column":0},"end":{"line":1,"column":87}},"1":{"start":{"line":2,"column":0},"end":{"line":2,"column":44}},"2":{"start":{"line":3,"column":0},"end":{"line":3,"column":101}},"3":{"start":{"line":5,"column":0},"end":{"line":5,"column":79}},"4":{"start":{"line":23,"column":20},"end":{"line":23,"column":21}},"5":{"start":{"line":24,"column":23},"end":{"line":24,"column":27}},"6":{"start":{"line":27,"column":25},"end":{"line":167,"column":null}},"7":{"start":{"line":31,"column":21},"end":{"line":31,"column":34}},"8":{"start":{"line":32,"column":48},"end":{"line":32,"column":70}},"9":{"start":{"line":28,"column":19},"end":{"line":28,"column":58}},"10":{"start":{"line":34,"column":4},"end":{"line":36,"column":5}},"11":{"start":{"line":35,"column":8},"end":{"line":35,"column":97}},"12":{"start":{"line":40,"column":4},"end":{"line":58,"column":6}},"13":{"start":{"line":41,"column":6},"end":{"line":56,"column":null}},"14":{"start":{"line":43,"column":42},"end":{"line":43,"column":73}},"15":{"start":{"line":46,"column":24},"end":{"line":46,"column":47}},"16":{"start":{"line":47,"column":32},"end":{"line":47,"column":112}},"17":{"start":{"line":49,"column":10},"end":{"line":51,"column":11}},"18":{"start":{"line":50,"column":12},"end":{"line":50,"column":43}},"19":{"start":{"line":50,"column":36},"end":{"line":50,"column":41}},"20":{"start":{"line":53,"column":28},"end":{"line":53,"column":64}},"21":{"start":{"line":54,"column":10},"end":{"line":54,"column":115}},"22":{"start":{"line":55,"column":10},"end":{"line":55,"column":34}},"23":{"start":{"line":62,"column":62},"end":{"line":62,"column":77}},"24":{"start":{"line":64,"column":20},"end":{"line":69,"column":6}},"25":{"start":{"line":72,"column":4},"end":{"line":77,"column":7}},"26":{"start":{"line":73,"column":18},"end":{"line":73,"column":43}},"27":{"start":{"line":74,"column":6},"end":{"line":76,"column":7}},"28":{"start":{"line":75,"column":8},"end":{"line":75,"column":28}},"29":{"start":{"line":79,"column":4},"end":{"line":114,"column":5}},"30":{"start":{"line":80,"column":23},"end":{"line":104,"column":null}},"31":{"start":{"line":90,"column":10},"end":{"line":97,"column":11}},"32":{"start":{"line":91,"column":12},"end":{"line":91,"column":148}},"33":{"start":{"line":92,"column":33},"end":{"line":92,"column":106}},"34":{"start":{"line":93,"column":12},"end":{"line":93,"column":73}},"35":{"start":{"line":95,"column":12},"end":{"line":95,"column":100}},"36":{"start":{"line":96,"column":12},"end":{"line":96,"column":129}},"37":{"start":{"line":100,"column":12},"end":{"line":103,"column":13}},"38":{"start":{"line":101,"column":16},"end":{"line":101,"column":125}},"39":{"start":{"line":102,"column":16},"end":{"line":102,"column":166}},"40":{"start":{"line":107,"column":23},"end":{"line":107,"column":53}},"41":{"start":{"line":109,"column":6},"end":{"line":109,"column":103}},"42":{"start":{"line":110,"column":6},"end":{"line":110,"column":48}},"43":{"start":{"line":113,"column":6},"end":{"line":113,"column":18}},"44":{"start":{"line":122,"column":4},"end":{"line":124,"column":5}},"45":{"start":{"line":123,"column":6},"end":{"line":123,"column":18}},"46":{"start":{"line":125,"column":4},"end":{"line":125,"column":31}},"47":{"start":{"line":134,"column":4},"end":{"line":141,"column":6}},"48":{"start":{"line":150,"column":4},"end":{"line":155,"column":6}},"49":{"start":{"line":159,"column":4},"end":{"line":159,"column":58}},"50":{"start":{"line":160,"column":4},"end":{"line":160,"column":14}},"51":{"start":{"line":164,"column":4},"end":{"line":164,"column":64}},"52":{"start":{"line":165,"column":4},"end":{"line":165,"column":33}},"53":{"start":{"line":27,"column":13},"end":{"line":27,"column":25}},"54":{"start":{"line":27,"column":13},"end":{"line":167,"column":null}}},"fnMap":{"0":{"name":"(anonymous_4)","decl":{"start":{"line":30,"column":2},"end":{"line":30,"column":null}},"loc":{"start":{"line":32,"column":70},"end":{"line":37,"column":3}}},"1":{"name":"(anonymous_5)","decl":{"start":{"line":39,"column":10},"end":{"line":39,"column":33}},"loc":{"start":{"line":39,"column":69},"end":{"line":59,"column":3}}},"2":{"name":"(anonymous_6)","decl":{"start":{"line":40,"column":26},"end":{"line":40,"column":32}},"loc":{"start":{"line":41,"column":6},"end":{"line":56,"column":null}}},"3":{"name":"(anonymous_7)","decl":{"start":{"line":43,"column":13},"end":{"line":43,"column":14}},"loc":{"start":{"line":43,"column":42},"end":{"line":43,"column":73}}},"4":{"name":"(anonymous_8)","decl":{"start":{"line":45,"column":17},"end":{"line":45,"column":20}},"loc":{"start":{"line":45,"column":23},"end":{"line":56,"column":9}}},"5":{"name":"(anonymous_9)","decl":{"start":{"line":50,"column":30},"end":{"line":50,"column":33}},"loc":{"start":{"line":50,"column":36},"end":{"line":50,"column":41}}},"6":{"name":"(anonymous_10)","decl":{"start":{"line":61,"column":2},"end":{"line":61,"column":7}},"loc":{"start":{"line":61,"column":44},"end":{"line":115,"column":3}}},"7":{"name":"(anonymous_11)","decl":{"start":{"line":72,"column":33},"end":{"line":72,"column":34}},"loc":{"start":{"line":72,"column":39},"end":{"line":77,"column":5}}},"8":{"name":"(anonymous_12)","decl":{"start":{"line":89,"column":19},"end":{"line":89,"column":20}},"loc":{"start":{"line":89,"column":46},"end":{"line":98,"column":9}}},"9":{"name":"(anonymous_13)","decl":{"start":{"line":99,"column":12},"end":{"line":99,"column":20}},"loc":{"start":{"line":99,"column":23},"end":{"line":104,"column":9}}},"10":{"name":"(anonymous_14)","decl":{"start":{"line":121,"column":2},"end":{"line":121,"column":11}},"loc":{"start":{"line":121,"column":21},"end":{"line":126,"column":3}}},"11":{"name":"(anonymous_15)","decl":{"start":{"line":133,"column":2},"end":{"line":133,"column":13}},"loc":{"start":{"line":133,"column":23},"end":{"line":142,"column":3}}},"12":{"name":"(anonymous_16)","decl":{"start":{"line":149,"column":2},"end":{"line":149,"column":14}},"loc":{"start":{"line":149,"column":28},"end":{"line":156,"column":3}}},"13":{"name":"(anonymous_17)","decl":{"start":{"line":158,"column":2},"end":{"line":158,"column":9}},"loc":{"start":{"line":158,"column":9},"end":{"line":161,"column":3}}},"14":{"name":"(anonymous_18)","decl":{"start":{"line":163,"column":2},"end":{"line":163,"column":8}},"loc":{"start":{"line":163,"column":25},"end":{"line":166,"column":3}}}},"branchMap":{"0":{"loc":{"start":{"line":34,"column":4},"end":{"line":36,"column":5}},"type":"if","locations":[{"start":{"line":34,"column":4},"end":{"line":36,"column":5}}]},"1":{"loc":{"start":{"line":34,"column":8},"end":{"line":34,"column":59}},"type":"binary-expr","locations":[{"start":{"line":34,"column":8},"end":{"line":34,"column":32}},{"start":{"line":34,"column":36},"end":{"line":34,"column":59}}]},"2":{"loc":{"start":{"line":47,"column":32},"end":{"line":47,"column":112}},"type":"binary-expr","locations":[{"start":{"line":47,"column":32},"end":{"line":47,"column":47}},{"start":{"line":47,"column":52},"end":{"line":47,"column":80}},{"start":{"line":47,"column":84},"end":{"line":47,"column":111}}]},"3":{"loc":{"start":{"line":49,"column":10},"end":{"line":51,"column":11}},"type":"if","locations":[{"start":{"line":49,"column":10},"end":{"line":51,"column":11}}]},"4":{"loc":{"start":{"line":49,"column":14},"end":{"line":49,"column":54}},"type":"binary-expr","locations":[{"start":{"line":49,"column":14},"end":{"line":49,"column":36}},{"start":{"line":49,"column":40},"end":{"line":49,"column":54}}]},"5":{"loc":{"start":{"line":66,"column":16},"end":{"line":66,"column":46}},"type":"binary-expr","locations":[{"start":{"line":66,"column":16},"end":{"line":66,"column":29}},{"start":{"line":66,"column":33},"end":{"line":66,"column":46}}]},"6":{"loc":{"start":{"line":67,"column":14},"end":{"line":67,"column":42}},"type":"binary-expr","locations":[{"start":{"line":67,"column":14},"end":{"line":67,"column":25}},{"start":{"line":67,"column":29},"end":{"line":67,"column":42}}]},"7":{"loc":{"start":{"line":74,"column":6},"end":{"line":76,"column":7}},"type":"if","locations":[{"start":{"line":74,"column":6},"end":{"line":76,"column":7}}]},"8":{"loc":{"start":{"line":74,"column":10},"end":{"line":74,"column":53}},"type":"binary-expr","locations":[{"start":{"line":74,"column":10},"end":{"line":74,"column":30}},{"start":{"line":74,"column":34},"end":{"line":74,"column":53}}]},"9":{"loc":{"start":{"line":90,"column":10},"end":{"line":97,"column":11}},"type":"if","locations":[{"start":{"line":90,"column":10},"end":{"line":97,"column":11}},{"start":{"line":94,"column":17},"end":{"line":97,"column":11}}]},"10":{"loc":{"start":{"line":92,"column":33},"end":{"line":92,"column":106}},"type":"binary-expr","locations":[{"start":{"line":92,"column":33},"end":{"line":92,"column":61}},{"start":{"line":92,"column":65},"end":{"line":92,"column":106}}]},"11":{"loc":{"start":{"line":100,"column":12},"end":{"line":103,"column":13}},"type":"if","locations":[{"start":{"line":100,"column":12},"end":{"line":103,"column":13}}]},"12":{"loc":{"start":{"line":101,"column":77},"end":{"line":101,"column":121}},"type":"binary-expr","locations":[{"start":{"line":101,"column":77},"end":{"line":101,"column":96}},{"start":{"line":101,"column":100},"end":{"line":101,"column":121}}]},"13":{"loc":{"start":{"line":102,"column":40},"end":{"line":102,"column":140}},"type":"binary-expr","locations":[{"start":{"line":102,"column":40},"end":{"line":102,"column":59}},{"start":{"line":102,"column":63},"end":{"line":102,"column":84}},{"start":{"line":102,"column":88},"end":{"line":102,"column":140}}]},"14":{"loc":{"start":{"line":122,"column":4},"end":{"line":124,"column":5}},"type":"if","locations":[{"start":{"line":122,"column":4},"end":{"line":124,"column":5}}]},"15":{"loc":{"start":{"line":122,"column":8},"end":{"line":122,"column":41}},"type":"binary-expr","locations":[{"start":{"line":122,"column":8},"end":{"line":122,"column":13}},{"start":{"line":122,"column":17},"end":{"line":122,"column":41}}]},"16":{"loc":{"start":{"line":125,"column":11},"end":{"line":125,"column":30}},"type":"binary-expr","locations":[{"start":{"line":125,"column":11},"end":{"line":125,"column":22}},{"start":{"line":125,"column":26},"end":{"line":125,"column":30}}]},"17":{"loc":{"start":{"line":135,"column":6},"end":{"line":140,"column":48}},"type":"binary-expr","locations":[{"start":{"line":135,"column":6},"end":{"line":135,"column":10}},{"start":{"line":136,"column":6},"end":{"line":136,"column":30}},{"start":{"line":137,"column":6},"end":{"line":137,"column":35}},{"start":{"line":138,"column":6},"end":{"line":138,"column":34}},{"start":{"line":139,"column":6},"end":{"line":139,"column":36}},{"start":{"line":140,"column":6},"end":{"line":140,"column":48}}]},"18":{"loc":{"start":{"line":151,"column":12},"end":{"line":151,"column":35}},"type":"binary-expr","locations":[{"start":{"line":151,"column":12},"end":{"line":151,"column":29}},{"start":{"line":151,"column":33},"end":{"line":151,"column":35}}]},"19":{"loc":{"start":{"line":152,"column":13},"end":{"line":152,"column":56}},"type":"binary-expr","locations":[{"start":{"line":152,"column":13},"end":{"line":152,"column":50}},{"start":{"line":152,"column":54},"end":{"line":152,"column":56}}]},"20":{"loc":{"start":{"line":153,"column":16},"end":{"line":153,"column":70}},"type":"binary-expr","locations":[{"start":{"line":153,"column":16},"end":{"line":153,"column":37}},{"start":{"line":153,"column":41},"end":{"line":153,"column":70}}]},"21":{"loc":{"start":{"line":154,"column":14},"end":{"line":154,"column":66}},"type":"binary-expr","locations":[{"start":{"line":154,"column":14},"end":{"line":154,"column":33}},{"start":{"line":154,"column":37},"end":{"line":154,"column":66}}]}},"s":{"0":0,"1":0,"2":0,"3":0,"4":0,"5":0,"6":0,"7":0,"8":0,"9":0,"10":0,"11":0,"12":0,"13":0,"14":0,"15":0,"16":0,"17":0,"18":0,"19":0,"20":0,"21":0,"22":0,"23":0,"24":0,"25":0,"26":0,"27":0,"28":0,"29":0,"30":0,"31":0,"32":0,"33":0,"34":0,"35":0,"36":0,"37":0,"38":0,"39":0,"40":0,"41":0,"42":0,"43":0,"44":0,"45":0,"46":0,"47":0,"48":0,"49":0,"50":0,"51":0,"52":0,"53":0,"54":0},"f":{"0":0,"1":0,"2":0,"3":0,"4":0,"5":0,"6":0,"7":0,"8":0,"9":0,"10":0,"11":0,"12":0,"13":0,"14":0},"b":{"0":[0],"1":[0,0],"2":[0,0,0],"3":[0],"4":[0,0],"5":[0,0],"6":[0,0],"7":[0],"8":[0,0],"9":[0,0],"10":[0,0],"11":[0],"12":[0,0],"13":[0,0,0],"14":[0],"15":[0,0],"16":[0,0],"17":[0,0,0,0,0,0],"18":[0,0],"19":[0,0],"20":[0,0],"21":[0,0]}}
,"/home/runner/work/meu-backend/meu-backend/src/leads/dto/create-lead.dto.ts": {"path":"/home/runner/work/meu-backend/meu-backend/src/leads/dto/create-lead.dto.ts","statementMap":{"0":{"start":{"line":1,"column":0},"end":{"line":1,"column":95}},"1":{"start":{"line":2,"column":0},"end":{"line":2,"column":46}},"2":{"start":{"line":3,"column":0},"end":{"line":3,"column":48}},"3":{"start":{"line":9,"column":0},"end":{"line":9,"column":13}},"4":{"start":{"line":14,"column":2},"end":{"line":14,"column":null}},"5":{"start":{"line":13,"column":28},"end":{"line":13,"column":41}},"6":{"start":{"line":25,"column":2},"end":{"line":25,"column":null}},"7":{"start":{"line":18,"column":17},"end":{"line":18,"column":30}},"8":{"start":{"line":19,"column":4},"end":{"line":19,"column":25}},"9":{"start":{"line":30,"column":2},"end":{"line":30,"column":null}},"10":{"start":{"line":29,"column":28},"end":{"line":29,"column":55}},"11":{"start":{"line":36,"column":2},"end":{"line":36,"column":null}},"12":{"start":{"line":35,"column":28},"end":{"line":35,"column":41}},"13":{"start":{"line":42,"column":2},"end":{"line":42,"column":null}},"14":{"start":{"line":41,"column":28},"end":{"line":41,"column":41}},"15":{"start":{"line":48,"column":0},"end":{"line":48,"column":13}},"16":{"start":{"line":54,"column":2},"end":{"line":54,"column":null}},"17":{"start":{"line":53,"column":28},"end":{"line":53,"column":41}},"18":{"start":{"line":65,"column":2},"end":{"line":65,"column":null}},"19":{"start":{"line":58,"column":17},"end":{"line":58,"column":30}},"20":{"start":{"line":59,"column":4},"end":{"line":59,"column":25}},"21":{"start":{"line":70,"column":2},"end":{"line":70,"column":null}},"22":{"start":{"line":69,"column":28},"end":{"line":69,"column":55}},"23":{"start":{"line":76,"column":2},"end":{"line":76,"column":null}},"24":{"start":{"line":75,"column":28},"end":{"line":75,"column":41}},"25":{"start":{"line":82,"column":2},"end":{"line":82,"column":null}},"26":{"start":{"line":81,"column":28},"end":{"line":81,"column":41}}},"fnMap":{"0":{"name":"(anonymous_2)","decl":{"start":{"line":13,"column":13},"end":{"line":13,"column":14}},"loc":{"start":{"line":13,"column":28},"end":{"line":13,"column":41}}},"1":{"name":"(anonymous_3)","decl":{"start":{"line":16,"column":13},"end":{"line":16,"column":14}},"loc":{"start":{"line":16,"column":27},"end":{"line":20,"column":3}}},"2":{"name":"(anonymous_4)","decl":{"start":{"line":29,"column":13},"end":{"line":29,"column":14}},"loc":{"start":{"line":29,"column":28},"end":{"line":29,"column":55}}},"3":{"name":"(anonymous_5)","decl":{"start":{"line":35,"column":13},"end":{"line":35,"column":14}},"loc":{"start":{"line":35,"column":28},"end":{"line":35,"column":41}}},"4":{"name":"(anonymous_6)","decl":{"start":{"line":41,"column":13},"end":{"line":41,"column":14}},"loc":{"start":{"line":41,"column":28},"end":{"line":41,"column":41}}},"5":{"name":"(anonymous_7)","decl":{"start":{"line":53,"column":13},"end":{"line":53,"column":14}},"loc":{"start":{"line":53,"column":28},"end":{"line":53,"column":41}}},"6":{"name":"(anonymous_8)","decl":{"start":{"line":57,"column":13},"end":{"line":57,"column":14}},"loc":{"start":{"line":57,"column":27},"end":{"line":60,"column":3}}},"7":{"name":"(anonymous_9)","decl":{"start":{"line":69,"column":13},"end":{"line":69,"column":14}},"loc":{"start":{"line":69,"column":28},"end":{"line":69,"column":55}}},"8":{"name":"(anonymous_10)","decl":{"start":{"line":75,"column":13},"end":{"line":75,"column":14}},"loc":{"start":{"line":75,"column":28},"end":{"line":75,"column":41}}},"9":{"name":"(anonymous_11)","decl":{"start":{"line":81,"column":13},"end":{"line":81,"column":14}},"loc":{"start":{"line":81,"column":28},"end":{"line":81,"column":41}}}},"branchMap":{"0":{"loc":{"start":{"line":19,"column":11},"end":{"line":19,"column":24}},"type":"binary-expr","locations":[{"start":{"line":19,"column":11},"end":{"line":19,"column":15}},{"start":{"line":19,"column":19},"end":{"line":19,"column":24}}]},"1":{"loc":{"start":{"line":59,"column":11},"end":{"line":59,"column":24}},"type":"binary-expr","locations":[{"start":{"line":59,"column":11},"end":{"line":59,"column":15}},{"start":{"line":59,"column":19},"end":{"line":59,"column":24}}]}},"s":{"0":0,"1":0,"2":0,"3":0,"4":0,"5":0,"6":0,"7":0,"8":0,"9":0,"10":0,"11":0,"12":0,"13":0,"14":0,"15":0,"16":0,"17":0,"18":0,"19":0,"20":0,"21":0,"22":0,"23":0,"24":0,"25":0,"26":0},"f":{"0":0,"1":0,"2":0,"3":0,"4":0,"5":0,"6":0,"7":0,"8":0,"9":0},"b":{"0":[0,0],"1":[0,0]}}
,"/home/runner/work/meu-backend/meu-backend/src/lib/logger.ts": {"path":"/home/runner/work/meu-backend/meu-backend/src/lib/logger.ts","statementMap":{"0":{"start":{"line":17,"column":0},"end":{"line":17,"column":16}},"1":{"start":{"line":2,"column":0},"end":{"line":2,"column":24}},"2":{"start":{"line":4,"column":15},"end":{"line":4,"column":52}},"3":{"start":{"line":6,"column":19},"end":{"line":15,"column":2}},"4":{"start":{"line":18,"column":40},"end":{"line":18,"column":64}},"5":{"start":{"line":19,"column":2},"end":{"line":19,"column":60}},"6":{"start":{"line":19,"column":21},"end":{"line":19,"column":60}},"7":{"start":{"line":20,"column":2},"end":{"line":20,"column":36}}},"fnMap":{"0":{"name":"getLogger","decl":{"start":{"line":17,"column":16},"end":{"line":17,"column":25}},"loc":{"start":{"line":17,"column":69},"end":{"line":21,"column":1}}}},"branchMap":{"0":{"loc":{"start":{"line":7,"column":9},"end":{"line":7,"column":61}},"type":"binary-expr","locations":[{"start":{"line":7,"column":9},"end":{"line":7,"column":30}},{"start":{"line":7,"column":35},"end":{"line":7,"column":60}}]},"1":{"loc":{"start":{"line":7,"column":35},"end":{"line":7,"column":60}},"type":"cond-expr","locations":[{"start":{"line":7,"column":44},"end":{"line":7,"column":50}},{"start":{"line":7,"column":53},"end":{"line":7,"column":60}}]},"2":{"loc":{"start":{"line":8,"column":13},"end":{"line":13,"column":15}},"type":"cond-expr","locations":[{"start":{"line":9,"column":6},"end":{"line":12,"column":null}},{"start":{"line":13,"column":6},"end":{"line":13,"column":15}}]},"3":{"loc":{"start":{"line":19,"column":2},"end":{"line":19,"column":60}},"type":"if","locations":[{"start":{"line":19,"column":2},"end":{"line":19,"column":60}}]}},"s":{"0":0,"1":0,"2":0,"3":0,"4":0,"5":0,"6":0,"7":0},"f":{"0":0},"b":{"0":[0,0],"1":[0,0],"2":[0,0],"3":[0]}}
,"/home/runner/work/meu-backend/meu-backend/src/lib/tenant.ts": {"path":"/home/runner/work/meu-backend/meu-backend/src/lib/tenant.ts","statementMap":{"0":{"start":{"line":17,"column":0},"end":{"line":17,"column":16}},"1":{"start":{"line":30,"column":0},"end":{"line":30,"column":16}},"2":{"start":{"line":46,"column":0},"end":{"line":46,"column":16}},"3":{"start":{"line":22,"column":16},"end":{"line":22,"column":48}},"4":{"start":{"line":23,"column":2},"end":{"line":23,"column":69}},"5":{"start":{"line":31,"column":2},"end":{"line":33,"column":3}},"6":{"start":{"line":32,"column":4},"end":{"line":32,"column":46}},"7":{"start":{"line":48,"column":25},"end":{"line":48,"column":78}},"8":{"start":{"line":49,"column":2},"end":{"line":49,"column":44}},"9":{"start":{"line":49,"column":22},"end":{"line":49,"column":44}},"10":{"start":{"line":52,"column":2},"end":{"line":52,"column":51}},"11":{"start":{"line":52,"column":26},"end":{"line":52,"column":51}},"12":{"start":{"line":55,"column":2},"end":{"line":55,"column":53}},"13":{"start":{"line":55,"column":27},"end":{"line":55,"column":53}},"14":{"start":{"line":57,"column":2},"end":{"line":57,"column":19}}},"fnMap":{"0":{"name":"applyClinicIdFilter","decl":{"start":{"line":17,"column":16},"end":{"line":17,"column":35}},"loc":{"start":{"line":20,"column":21},"end":{"line":24,"column":1}}},"1":{"name":"validateClinicId","decl":{"start":{"line":30,"column":16},"end":{"line":30,"column":32}},"loc":{"start":{"line":30,"column":61},"end":{"line":34,"column":1}}},"2":{"name":"extractClinicId","decl":{"start":{"line":46,"column":16},"end":{"line":46,"column":31}},"loc":{"start":{"line":46,"column":40},"end":{"line":58,"column":1}}}},"branchMap":{"0":{"loc":{"start":{"line":20,"column":2},"end":{"line":20,"column":21}},"type":"default-arg","locations":[{"start":{"line":20,"column":11},"end":{"line":20,"column":21}}]},"1":{"loc":{"start":{"line":31,"column":2},"end":{"line":33,"column":3}},"type":"if","locations":[{"start":{"line":31,"column":2},"end":{"line":33,"column":3}}]},"2":{"loc":{"start":{"line":31,"column":6},"end":{"line":31,"column":41}},"type":"binary-expr","locations":[{"start":{"line":31,"column":6},"end":{"line":31,"column":15}},{"start":{"line":31,"column":19},"end":{"line":31,"column":41}}]},"3":{"loc":{"start":{"line":48,"column":25},"end":{"line":48,"column":78}},"type":"binary-expr","locations":[{"start":{"line":48,"column":25},"end":{"line":48,"column":51}},{"start":{"line":48,"column":55},"end":{"line":48,"column":78}}]},"4":{"loc":{"start":{"line":49,"column":2},"end":{"line":49,"column":44}},"type":"if","locations":[{"start":{"line":49,"column":2},"end":{"line":49,"column":44}}]},"5":{"loc":{"start":{"line":52,"column":2},"end":{"line":52,"column":51}},"type":"if","locations":[{"start":{"line":52,"column":2},"end":{"line":52,"column":51}}]},"6":{"loc":{"start":{"line":55,"column":2},"end":{"line":55,"column":53}},"type":"if","locations":[{"start":{"line":55,"column":2},"end":{"line":55,"column":53}}]}},"s":{"0":0,"1":0,"2":0,"3":0,"4":0,"5":0,"6":0,"7":0,"8":0,"9":0,"10":0,"11":0,"12":0,"13":0,"14":0},"f":{"0":0,"1":0,"2":0},"b":{"0":[0],"1":[0],"2":[0,0],"3":[0,0],"4":[0],"5":[0],"6":[0]}}
,"/home/runner/work/meu-backend/meu-backend/src/libs/observability/prometheus.metrics.ts": {"path":"/home/runner/work/meu-backend/meu-backend/src/libs/observability/prometheus.metrics.ts","statementMap":{"0":{"start":{"line":1,"column":0},"end":{"line":1,"column":44}},"1":{"start":{"line":2,"column":0},"end":{"line":2,"column":48}},"2":{"start":{"line":9,"column":7},"end":{"line":37,"column":null}},"3":{"start":{"line":14,"column":4},"end":{"line":14,"column":35}},"4":{"start":{"line":17,"column":4},"end":{"line":21,"column":7}},"5":{"start":{"line":28,"column":4},"end":{"line":28,"column":33}},"6":{"start":{"line":35,"column":4},"end":{"line":35,"column":35}},"7":{"start":{"line":9,"column":13},"end":{"line":9,"column":30}},"8":{"start":{"line":9,"column":13},"end":{"line":37,"column":null}}},"fnMap":{"0":{"name":"(anonymous_2)","decl":{"start":{"line":13,"column":2},"end":{"line":13,"column":null}},"loc":{"start":{"line":13,"column":2},"end":{"line":22,"column":3}}},"1":{"name":"(anonymous_3)","decl":{"start":{"line":27,"column":2},"end":{"line":27,"column":28}},"loc":{"start":{"line":27,"column":28},"end":{"line":29,"column":3}}},"2":{"name":"(anonymous_4)","decl":{"start":{"line":34,"column":2},"end":{"line":34,"column":7}},"loc":{"start":{"line":34,"column":18},"end":{"line":36,"column":3}}}},"branchMap":{},"s":{"0":1,"1":1,"2":1,"3":0,"4":0,"5":0,"6":0,"7":1,"8":1},"f":{"0":0,"1":0,"2":0},"b":{}}
,"/home/runner/work/meu-backend/meu-backend/src/middleware/correlation.middleware.ts": {"path":"/home/runner/work/meu-backend/meu-backend/src/middleware/correlation.middleware.ts","statementMap":{"0":{"start":{"line":6,"column":0},"end":{"line":6,"column":16}},"1":{"start":{"line":3,"column":0},"end":{"line":3,"column":36}},"2":{"start":{"line":4,"column":0},"end":{"line":4,"column":42}},"3":{"start":{"line":7,"column":14},"end":{"line":7,"column":64}},"4":{"start":{"line":8,"column":2},"end":{"line":8,"column":25}},"5":{"start":{"line":9,"column":2},"end":{"line":9,"column":37}},"6":{"start":{"line":10,"column":2},"end":{"line":10,"column":36}},"7":{"start":{"line":11,"column":2},"end":{"line":11,"column":9}}},"fnMap":{"0":{"name":"correlationMiddleware","decl":{"start":{"line":6,"column":16},"end":{"line":6,"column":37}},"loc":{"start":{"line":6,"column":128},"end":{"line":12,"column":1}}}},"branchMap":{"0":{"loc":{"start":{"line":7,"column":14},"end":{"line":7,"column":64}},"type":"binary-expr","locations":[{"start":{"line":7,"column":14},"end":{"line":7,"column":52}},{"start":{"line":7,"column":56},"end":{"line":7,"column":64}}]}},"s":{"0":0,"1":0,"2":0,"3":0,"4":0,"5":0,"6":0,"7":0},"f":{"0":0},"b":{"0":[0,0]}}
,"/home/runner/work/meu-backend/meu-backend/src/modules/agendamentos/agendamentos.controller.ts": {"path":"/home/runner/work/meu-backend/meu-backend/src/modules/agendamentos/agendamentos.controller.ts","statementMap":{"0":{"start":{"line":1,"column":0},"end":{"line":1,"column":112}},"1":{"start":{"line":2,"column":0},"end":{"line":2,"column":61}},"2":{"start":{"line":3,"column":0},"end":{"line":3,"column":55}},"3":{"start":{"line":5,"column":0},"end":{"line":5,"column":54}},"4":{"start":{"line":9,"column":7},"end":{"line":148,"column":null}},"5":{"start":{"line":11,"column":21},"end":{"line":11,"column":42}},"6":{"start":{"line":12,"column":21},"end":{"line":12,"column":39}},"7":{"start":{"line":18,"column":4},"end":{"line":36,"column":5}},"8":{"start":{"line":19,"column":19},"end":{"line":19,"column":43}},"9":{"start":{"line":20,"column":19},"end":{"line":24,"column":8}},"10":{"start":{"line":26,"column":26},"end":{"line":30,"column":null}},"11":{"start":{"line":33,"column":6},"end":{"line":35,"column":7}},"12":{"start":{"line":34,"column":8},"end":{"line":34,"column":82}},"13":{"start":{"line":38,"column":4},"end":{"line":38,"column":60}},"14":{"start":{"line":43,"column":4},"end":{"line":43,"column":61}},"15":{"start":{"line":51,"column":4},"end":{"line":51,"column":68}},"16":{"start":{"line":56,"column":4},"end":{"line":56,"column":61}},"17":{"start":{"line":61,"column":4},"end":{"line":61,"column":53}},"18":{"start":{"line":69,"column":4},"end":{"line":69,"column":64}},"19":{"start":{"line":84,"column":4},"end":{"line":88,"column":6}},"20":{"start":{"line":97,"column":4},"end":{"line":97,"column":57}},"21":{"start":{"line":98,"column":4},"end":{"line":98,"column":69}},"22":{"start":{"line":107,"column":4},"end":{"line":107,"column":58}},"23":{"start":{"line":108,"column":4},"end":{"line":108,"column":55}},"24":{"start":{"line":117,"column":4},"end":{"line":117,"column":59}},"25":{"start":{"line":118,"column":4},"end":{"line":118,"column":57}},"26":{"start":{"line":132,"column":4},"end":{"line":137,"column":6}},"27":{"start":{"line":146,"column":4},"end":{"line":146,"column":59}},"28":{"start":{"line":9,"column":13},"end":{"line":9,"column":35}},"29":{"start":{"line":16,"column":8},"end":{"line":39,"column":null}},"30":{"start":{"line":42,"column":8},"end":{"line":44,"column":null}},"31":{"start":{"line":47,"column":8},"end":{"line":52,"column":null}},"32":{"start":{"line":55,"column":8},"end":{"line":57,"column":null}},"33":{"start":{"line":60,"column":8},"end":{"line":62,"column":null}},"34":{"start":{"line":65,"column":8},"end":{"line":70,"column":null}},"35":{"start":{"line":79,"column":8},"end":{"line":89,"column":null}},"36":{"start":{"line":96,"column":8},"end":{"line":99,"column":null}},"37":{"start":{"line":106,"column":8},"end":{"line":109,"column":null}},"38":{"start":{"line":116,"column":8},"end":{"line":119,"column":null}},"39":{"start":{"line":126,"column":8},"end":{"line":138,"column":null}},"40":{"start":{"line":145,"column":8},"end":{"line":147,"column":null}},"41":{"start":{"line":9,"column":13},"end":{"line":148,"column":null}}},"fnMap":{"0":{"name":"(anonymous_4)","decl":{"start":{"line":10,"column":2},"end":{"line":10,"column":null}},"loc":{"start":{"line":12,"column":55},"end":{"line":13,"column":6}}},"1":{"name":"(anonymous_5)","decl":{"start":{"line":16,"column":2},"end":{"line":16,"column":7}},"loc":{"start":{"line":16,"column":49},"end":{"line":39,"column":3}}},"2":{"name":"(anonymous_6)","decl":{"start":{"line":42,"column":2},"end":{"line":42,"column":7}},"loc":{"start":{"line":42,"column":41},"end":{"line":44,"column":3}}},"3":{"name":"(anonymous_7)","decl":{"start":{"line":47,"column":2},"end":{"line":47,"column":7}},"loc":{"start":{"line":49,"column":35},"end":{"line":52,"column":3}}},"4":{"name":"(anonymous_8)","decl":{"start":{"line":55,"column":2},"end":{"line":55,"column":7}},"loc":{"start":{"line":55,"column":52},"end":{"line":57,"column":3}}},"5":{"name":"(anonymous_9)","decl":{"start":{"line":60,"column":2},"end":{"line":60,"column":7}},"loc":{"start":{"line":60,"column":44},"end":{"line":62,"column":3}}},"6":{"name":"(anonymous_10)","decl":{"start":{"line":65,"column":2},"end":{"line":65,"column":7}},"loc":{"start":{"line":67,"column":46},"end":{"line":70,"column":3}}},"7":{"name":"(anonymous_11)","decl":{"start":{"line":79,"column":2},"end":{"line":79,"column":7}},"loc":{"start":{"line":82,"column":37},"end":{"line":89,"column":3}}},"8":{"name":"(anonymous_12)","decl":{"start":{"line":96,"column":2},"end":{"line":96,"column":7}},"loc":{"start":{"line":96,"column":58},"end":{"line":99,"column":3}}},"9":{"name":"(anonymous_13)","decl":{"start":{"line":106,"column":2},"end":{"line":106,"column":7}},"loc":{"start":{"line":106,"column":59},"end":{"line":109,"column":3}}},"10":{"name":"(anonymous_14)","decl":{"start":{"line":116,"column":2},"end":{"line":116,"column":7}},"loc":{"start":{"line":116,"column":60},"end":{"line":119,"column":3}}},"11":{"name":"(anonymous_15)","decl":{"start":{"line":126,"column":2},"end":{"line":126,"column":7}},"loc":{"start":{"line":130,"column":37},"end":{"line":138,"column":3}}},"12":{"name":"(anonymous_16)","decl":{"start":{"line":145,"column":2},"end":{"line":145,"column":7}},"loc":{"start":{"line":145,"column":59},"end":{"line":147,"column":3}}}},"branchMap":{"0":{"loc":{"start":{"line":18,"column":4},"end":{"line":36,"column":5}},"type":"if","locations":[{"start":{"line":18,"column":4},"end":{"line":36,"column":5}}]},"1":{"loc":{"start":{"line":18,"column":8},"end":{"line":18,"column":46}},"type":"binary-expr","locations":[{"start":{"line":18,"column":8},"end":{"line":18,"column":22}},{"start":{"line":18,"column":26},"end":{"line":18,"column":46}}]},"2":{"loc":{"start":{"line":27,"column":8},"end":{"line":27,"column":35}},"type":"binary-expr","locations":[{"start":{"line":27,"column":8},"end":{"line":27,"column":22}},{"start":{"line":27,"column":26},"end":{"line":27,"column":35}}]},"3":{"loc":{"start":{"line":33,"column":6},"end":{"line":35,"column":7}},"type":"if","locations":[{"start":{"line":33,"column":6},"end":{"line":35,"column":7}}]}},"s":{"0":0,"1":0,"2":0,"3":0,"4":0,"5":0,"6":0,"7":0,"8":0,"9":0,"10":0,"11":0,"12":0,"13":0,"14":0,"15":0,"16":0,"17":0,"18":0,"19":0,"20":0,"21":0,"22":0,"23":0,"24":0,"25":0,"26":0,"27":0,"28":0,"29":0,"30":0,"31":0,"32":0,"33":0,"34":0,"35":0,"36":0,"37":0,"38":0,"39":0,"40":0,"41":0},"f":{"0":0,"1":0,"2":0,"3":0,"4":0,"5":0,"6":0,"7":0,"8":0,"9":0,"10":0,"11":0,"12":0},"b":{"0":[0],"1":[0,0],"2":[0,0],"3":[0]}}
,"/home/runner/work/meu-backend/meu-backend/src/modules/agendamentos/agendamentos.module.ts": {"path":"/home/runner/work/meu-backend/meu-backend/src/modules/agendamentos/agendamentos.module.ts","statementMap":{"0":{"start":{"line":1,"column":0},"end":{"line":1,"column":40}},"1":{"start":{"line":2,"column":0},"end":{"line":2,"column":48}},"2":{"start":{"line":3,"column":0},"end":{"line":3,"column":61}},"3":{"start":{"line":4,"column":0},"end":{"line":4,"column":67}},"4":{"start":{"line":5,"column":0},"end":{"line":5,"column":55}},"5":{"start":{"line":6,"column":0},"end":{"line":6,"column":60}},"6":{"start":{"line":7,"column":0},"end":{"line":7,"column":54}},"7":{"start":{"line":9,"column":0},"end":{"line":9,"column":55}},"8":{"start":{"line":10,"column":0},"end":{"line":10,"column":49}},"9":{"start":{"line":22,"column":7},"end":{"line":22,"column":null}},"10":{"start":{"line":22,"column":13},"end":{"line":22,"column":31}},"11":{"start":{"line":22,"column":13},"end":{"line":22,"column":null}}},"fnMap":{},"branchMap":{},"s":{"0":0,"1":0,"2":0,"3":0,"4":0,"5":0,"6":0,"7":0,"8":0,"9":0,"10":0,"11":0},"f":{},"b":{}}
,"/home/runner/work/meu-backend/meu-backend/src/modules/agendamentos/agendamentos.service.ts": {"path":"/home/runner/work/meu-backend/meu-backend/src/modules/agendamentos/agendamentos.service.ts","statementMap":{"0":{"start":{"line":1,"column":0},"end":{"line":1,"column":71}},"1":{"start":{"line":2,"column":0},"end":{"line":2,"column":51}},"2":{"start":{"line":3,"column":0},"end":{"line":3,"column":37}},"3":{"start":{"line":4,"column":0},"end":{"line":4,"column":60}},"4":{"start":{"line":7,"column":32},"end":{"line":137,"column":null}},"5":{"start":{"line":12,"column":21},"end":{"line":12,"column":38}},"6":{"start":{"line":8,"column":19},"end":{"line":8,"column":65}},"7":{"start":{"line":19,"column":24},"end":{"line":19,"column":58}},"8":{"start":{"line":20,"column":4},"end":{"line":20,"column":49}},"9":{"start":{"line":22,"column":4},"end":{"line":24,"column":6}},"10":{"start":{"line":26,"column":4},"end":{"line":26,"column":23}},"11":{"start":{"line":33,"column":24},"end":{"line":33,"column":77}},"12":{"start":{"line":35,"column":4},"end":{"line":37,"column":5}},"13":{"start":{"line":36,"column":6},"end":{"line":36,"column":70}},"14":{"start":{"line":39,"column":4},"end":{"line":39,"column":38}},"15":{"start":{"line":40,"column":4},"end":{"line":40,"column":49}},"16":{"start":{"line":42,"column":4},"end":{"line":42,"column":55}},"17":{"start":{"line":49,"column":24},"end":{"line":49,"column":77}},"18":{"start":{"line":51,"column":4},"end":{"line":53,"column":5}},"19":{"start":{"line":52,"column":6},"end":{"line":52,"column":70}},"20":{"start":{"line":55,"column":4},"end":{"line":55,"column":37}},"21":{"start":{"line":56,"column":4},"end":{"line":58,"column":5}},"22":{"start":{"line":57,"column":6},"end":{"line":57,"column":55}},"23":{"start":{"line":59,"column":4},"end":{"line":59,"column":49}},"24":{"start":{"line":61,"column":4},"end":{"line":61,"column":74}},"25":{"start":{"line":68,"column":24},"end":{"line":68,"column":77}},"26":{"start":{"line":70,"column":4},"end":{"line":72,"column":5}},"27":{"start":{"line":71,"column":6},"end":{"line":71,"column":70}},"28":{"start":{"line":74,"column":4},"end":{"line":74,"column":38}},"29":{"start":{"line":75,"column":4},"end":{"line":75,"column":49}},"30":{"start":{"line":77,"column":4},"end":{"line":77,"column":58}},"31":{"start":{"line":84,"column":24},"end":{"line":84,"column":77}},"32":{"start":{"line":86,"column":4},"end":{"line":88,"column":5}},"33":{"start":{"line":87,"column":6},"end":{"line":87,"column":70}},"34":{"start":{"line":90,"column":4},"end":{"line":90,"column":35}},"35":{"start":{"line":91,"column":4},"end":{"line":91,"column":49}},"36":{"start":{"line":93,"column":4},"end":{"line":93,"column":52}},"37":{"start":{"line":100,"column":24},"end":{"line":100,"column":77}},"38":{"start":{"line":102,"column":4},"end":{"line":104,"column":5}},"39":{"start":{"line":103,"column":6},"end":{"line":103,"column":70}},"40":{"start":{"line":106,"column":26},"end":{"line":106,"column":46}},"41":{"start":{"line":107,"column":4},"end":{"line":107,"column":40}},"42":{"start":{"line":108,"column":4},"end":{"line":108,"column":36}},"43":{"start":{"line":109,"column":4},"end":{"line":109,"column":84}},"44":{"start":{"line":111,"column":4},"end":{"line":111,"column":49}},"45":{"start":{"line":113,"column":4},"end":{"line":113,"column":88}},"46":{"start":{"line":120,"column":24},"end":{"line":120,"column":77}},"47":{"start":{"line":122,"column":4},"end":{"line":124,"column":5}},"48":{"start":{"line":123,"column":6},"end":{"line":123,"column":70}},"49":{"start":{"line":126,"column":4},"end":{"line":126,"column":23}},"50":{"start":{"line":133,"column":4},"end":{"line":135,"column":7}},"51":{"start":{"line":7,"column":13},"end":{"line":7,"column":32}},"52":{"start":{"line":7,"column":13},"end":{"line":137,"column":null}}},"fnMap":{"0":{"name":"(anonymous_4)","decl":{"start":{"line":10,"column":2},"end":{"line":10,"column":null}},"loc":{"start":{"line":12,"column":61},"end":{"line":13,"column":6}}},"1":{"name":"(anonymous_5)","decl":{"start":{"line":18,"column":2},"end":{"line":18,"column":7}},"loc":{"start":{"line":18,"column":52},"end":{"line":27,"column":3}}},"2":{"name":"(anonymous_6)","decl":{"start":{"line":32,"column":2},"end":{"line":32,"column":7}},"loc":{"start":{"line":32,"column":39},"end":{"line":43,"column":3}}},"3":{"name":"(anonymous_7)","decl":{"start":{"line":48,"column":2},"end":{"line":48,"column":7}},"loc":{"start":{"line":48,"column":55},"end":{"line":62,"column":3}}},"4":{"name":"(anonymous_8)","decl":{"start":{"line":67,"column":2},"end":{"line":67,"column":7}},"loc":{"start":{"line":67,"column":39},"end":{"line":78,"column":3}}},"5":{"name":"(anonymous_9)","decl":{"start":{"line":83,"column":2},"end":{"line":83,"column":7}},"loc":{"start":{"line":83,"column":31},"end":{"line":94,"column":3}}},"6":{"name":"(anonymous_10)","decl":{"start":{"line":99,"column":2},"end":{"line":99,"column":7}},"loc":{"start":{"line":99,"column":50},"end":{"line":114,"column":3}}},"7":{"name":"(anonymous_11)","decl":{"start":{"line":119,"column":2},"end":{"line":119,"column":7}},"loc":{"start":{"line":119,"column":27},"end":{"line":127,"column":3}}},"8":{"name":"(anonymous_12)","decl":{"start":{"line":132,"column":2},"end":{"line":132,"column":7}},"loc":{"start":{"line":132,"column":15},"end":{"line":136,"column":3}}}},"branchMap":{"0":{"loc":{"start":{"line":35,"column":4},"end":{"line":37,"column":5}},"type":"if","locations":[{"start":{"line":35,"column":4},"end":{"line":37,"column":5}}]},"1":{"loc":{"start":{"line":51,"column":4},"end":{"line":53,"column":5}},"type":"if","locations":[{"start":{"line":51,"column":4},"end":{"line":53,"column":5}}]},"2":{"loc":{"start":{"line":56,"column":4},"end":{"line":58,"column":5}},"type":"if","locations":[{"start":{"line":56,"column":4},"end":{"line":58,"column":5}}]},"3":{"loc":{"start":{"line":70,"column":4},"end":{"line":72,"column":5}},"type":"if","locations":[{"start":{"line":70,"column":4},"end":{"line":72,"column":5}}]},"4":{"loc":{"start":{"line":86,"column":4},"end":{"line":88,"column":5}},"type":"if","locations":[{"start":{"line":86,"column":4},"end":{"line":88,"column":5}}]},"5":{"loc":{"start":{"line":102,"column":4},"end":{"line":104,"column":5}},"type":"if","locations":[{"start":{"line":102,"column":4},"end":{"line":104,"column":5}}]},"6":{"loc":{"start":{"line":122,"column":4},"end":{"line":124,"column":5}},"type":"if","locations":[{"start":{"line":122,"column":4},"end":{"line":124,"column":5}}]}},"s":{"0":0,"1":0,"2":0,"3":0,"4":0,"5":0,"6":0,"7":0,"8":0,"9":0,"10":0,"11":0,"12":0,"13":0,"14":0,"15":0,"16":0,"17":0,"18":0,"19":0,"20":0,"21":0,"22":0,"23":0,"24":0,"25":0,"26":0,"27":0,"28":0,"29":0,"30":0,"31":0,"32":0,"33":0,"34":0,"35":0,"36":0,"37":0,"38":0,"39":0,"40":0,"41":0,"42":0,"43":0,"44":0,"45":0,"46":0,"47":0,"48":0,"49":0,"50":0,"51":0,"52":0},"f":{"0":0,"1":0,"2":0,"3":0,"4":0,"5":0,"6":0,"7":0,"8":0},"b":{"0":[0],"1":[0],"2":[0],"3":[0],"4":[0],"5":[0],"6":[0]}}
,"/home/runner/work/meu-backend/meu-backend/src/modules/agendamentos/bloqueios.service.ts": {"path":"/home/runner/work/meu-backend/meu-backend/src/modules/agendamentos/bloqueios.service.ts","statementMap":{"0":{"start":{"line":1,"column":0},"end":{"line":1,"column":52}},"1":{"start":{"line":2,"column":0},"end":{"line":2,"column":51}},"2":{"start":{"line":3,"column":0},"end":{"line":3,"column":52}},"3":{"start":{"line":4,"column":0},"end":{"line":4,"column":54}},"4":{"start":{"line":7,"column":29},"end":{"line":203,"column":null}},"5":{"start":{"line":23,"column":21},"end":{"line":23,"column":35}},"6":{"start":{"line":8,"column":19},"end":{"line":8,"column":62}},"7":{"start":{"line":10,"column":19},"end":{"line":19,"column":4}},"8":{"start":{"line":30,"column":4},"end":{"line":49,"column":5}},"9":{"start":{"line":30,"column":17},"end":{"line":30,"column":18}},"10":{"start":{"line":31,"column":19},"end":{"line":31,"column":29}},"11":{"start":{"line":32,"column":6},"end":{"line":32,"column":39}},"12":{"start":{"line":33,"column":24},"end":{"line":33,"column":37}},"13":{"start":{"line":35,"column":6},"end":{"line":48,"column":7}},"14":{"start":{"line":37,"column":25},"end":{"line":45,"column":10}},"15":{"start":{"line":47,"column":8},"end":{"line":47,"column":47}},"16":{"start":{"line":51,"column":4},"end":{"line":51,"column":72}},"17":{"start":{"line":58,"column":4},"end":{"line":79,"column":5}},"18":{"start":{"line":58,"column":17},"end":{"line":58,"column":18}},"19":{"start":{"line":59,"column":19},"end":{"line":59,"column":29}},"20":{"start":{"line":60,"column":6},"end":{"line":60,"column":45}},"21":{"start":{"line":63,"column":6},"end":{"line":65,"column":7}},"22":{"start":{"line":64,"column":8},"end":{"line":64,"column":41}},"23":{"start":{"line":68,"column":23},"end":{"line":76,"column":8}},"24":{"start":{"line":78,"column":6},"end":{"line":78,"column":45}},"25":{"start":{"line":81,"column":4},"end":{"line":81,"column":72}},"26":{"start":{"line":88,"column":4},"end":{"line":101,"column":5}},"27":{"start":{"line":89,"column":23},"end":{"line":98,"column":8}},"28":{"start":{"line":100,"column":6},"end":{"line":100,"column":45}},"29":{"start":{"line":103,"column":4},"end":{"line":103,"column":84}},"30":{"start":{"line":115,"column":17},"end":{"line":115,"column":62}},"31":{"start":{"line":116,"column":27},"end":{"line":116,"column":60}},"32":{"start":{"line":117,"column":26},"end":{"line":117,"column":44}},"33":{"start":{"line":118,"column":23},"end":{"line":118,"column":53}},"34":{"start":{"line":121,"column":22},"end":{"line":126,"column":6}},"35":{"start":{"line":129,"column":4},"end":{"line":145,"column":5}},"36":{"start":{"line":130,"column":6},"end":{"line":130,"column":61}},"37":{"start":{"line":130,"column":52},"end":{"line":130,"column":61}},"38":{"start":{"line":132,"column":40},"end":{"line":132,"column":81}},"39":{"start":{"line":133,"column":40},"end":{"line":133,"column":79}},"40":{"start":{"line":134,"column":28},"end":{"line":134,"column":57}},"41":{"start":{"line":135,"column":25},"end":{"line":135,"column":54}},"42":{"start":{"line":138,"column":6},"end":{"line":144,"column":7}},"43":{"start":{"line":139,"column":8},"end":{"line":143,"column":10}},"44":{"start":{"line":147,"column":4},"end":{"line":147,"column":32}},"45":{"start":{"line":158,"column":31},"end":{"line":158,"column":33}},"46":{"start":{"line":159,"column":17},"end":{"line":159,"column":34}},"47":{"start":{"line":160,"column":22},"end":{"line":160,"column":35}},"48":{"start":{"line":163,"column":17},"end":{"line":163,"column":18}},"49":{"start":{"line":164,"column":14},"end":{"line":164,"column":39}},"50":{"start":{"line":166,"column":4},"end":{"line":181,"column":5}},"51":{"start":{"line":166,"column":20},"end":{"line":166,"column":26}},"52":{"start":{"line":167,"column":6},"end":{"line":180,"column":7}},"53":{"start":{"line":167,"column":24},"end":{"line":167,"column":25}},"54":{"start":{"line":168,"column":24},"end":{"line":168,"column":99}},"55":{"start":{"line":170,"column":28},"end":{"line":174,"column":null}},"56":{"start":{"line":177,"column":8},"end":{"line":179,"column":9}},"57":{"start":{"line":178,"column":10},"end":{"line":178,"column":33}},"58":{"start":{"line":183,"column":4},"end":{"line":183,"column":32}},"59":{"start":{"line":190,"column":4},"end":{"line":193,"column":7}},"60":{"start":{"line":200,"column":4},"end":{"line":200,"column":47}},"61":{"start":{"line":201,"column":4},"end":{"line":201,"column":60}},"62":{"start":{"line":7,"column":13},"end":{"line":7,"column":29}},"63":{"start":{"line":7,"column":13},"end":{"line":203,"column":null}}},"fnMap":{"0":{"name":"(anonymous_4)","decl":{"start":{"line":21,"column":2},"end":{"line":21,"column":null}},"loc":{"start":{"line":23,"column":55},"end":{"line":24,"column":6}}},"1":{"name":"(anonymous_5)","decl":{"start":{"line":29,"column":2},"end":{"line":29,"column":7}},"loc":{"start":{"line":29,"column":39},"end":{"line":52,"column":3}}},"2":{"name":"(anonymous_6)","decl":{"start":{"line":57,"column":2},"end":{"line":57,"column":7}},"loc":{"start":{"line":57,"column":40},"end":{"line":82,"column":3}}},"3":{"name":"(anonymous_7)","decl":{"start":{"line":87,"column":2},"end":{"line":87,"column":7}},"loc":{"start":{"line":87,"column":41},"end":{"line":104,"column":3}}},"4":{"name":"(anonymous_8)","decl":{"start":{"line":109,"column":2},"end":{"line":109,"column":7}},"loc":{"start":{"line":113,"column":26},"end":{"line":148,"column":3}}},"5":{"name":"(anonymous_9)","decl":{"start":{"line":153,"column":2},"end":{"line":153,"column":7}},"loc":{"start":{"line":156,"column":26},"end":{"line":184,"column":3}}},"6":{"name":"(anonymous_10)","decl":{"start":{"line":189,"column":2},"end":{"line":189,"column":7}},"loc":{"start":{"line":189,"column":40},"end":{"line":194,"column":3}}},"7":{"name":"(anonymous_11)","decl":{"start":{"line":199,"column":2},"end":{"line":199,"column":7}},"loc":{"start":{"line":199,"column":42},"end":{"line":202,"column":3}}}},"branchMap":{"0":{"loc":{"start":{"line":35,"column":6},"end":{"line":48,"column":7}},"type":"if","locations":[{"start":{"line":35,"column":6},"end":{"line":48,"column":7}}]},"1":{"loc":{"start":{"line":35,"column":10},"end":{"line":35,"column":42}},"type":"binary-expr","locations":[{"start":{"line":35,"column":10},"end":{"line":35,"column":24}},{"start":{"line":35,"column":28},"end":{"line":35,"column":42}}]},"2":{"loc":{"start":{"line":130,"column":6},"end":{"line":130,"column":61}},"type":"if","locations":[{"start":{"line":130,"column":6},"end":{"line":130,"column":61}}]},"3":{"loc":{"start":{"line":130,"column":10},"end":{"line":130,"column":50}},"
[...]
,"/home/runner/work/meu-backend/meu-backend/src/shared/logger/logger.service.ts": {"path":"/home/runner/work/meu-backend/meu-backend/src/shared/logger/logger.service.ts","statementMap":{"0":{"start":{"line":131,"column":0},"end":{"line":131,"column":16}},"1":{"start":{"line":2,"column":0},"end":{"line":2,"column":80}},"2":{"start":{"line":3,"column":0},"end":{"line":3,"column":24}},"3":{"start":{"line":5,"column":19},"end":{"line":25,"column":2}},"4":{"start":{"line":19,"column":23},"end":{"line":19,"column":39}},"5":{"start":{"line":28,"column":32},"end":{"line":126,"column":null}},"6":{"start":{"line":34,"column":4},"end":{"line":34,"column":35}},"7":{"start":{"line":35,"column":4},"end":{"line":35,"column":39}},"8":{"start":{"line":37,"column":42},"end":{"line":37,"column":66}},"9":{"start":{"line":38,"column":4},"end":{"line":38,"column":62}},"10":{"start":{"line":38,"column":23},"end":{"line":38,"column":62}},"11":{"start":{"line":40,"column":4},"end":{"line":40,"column":45}},"12":{"start":{"line":47,"column":4},"end":{"line":47,"column":68}},"13":{"start":{"line":54,"column":19},"end":{"line":54,"column":80}},"14":{"start":{"line":55,"column":4},"end":{"line":55,"column":47}},"15":{"start":{"line":56,"column":4},"end":{"line":56,"column":18}},"16":{"start":{"line":63,"column":4},"end":{"line":67,"column":5}},"17":{"start":{"line":64,"column":6},"end":{"line":64,"column":41}},"18":{"start":{"line":66,"column":6},"end":{"line":66,"column":32}},"19":{"start":{"line":74,"column":25},"end":{"line":77,"column":6}},"20":{"start":{"line":78,"column":4},"end":{"line":78,"column":45}},"21":{"start":{"line":85,"column":4},"end":{"line":89,"column":5}},"22":{"start":{"line":86,"column":6},"end":{"line":86,"column":41}},"23":{"start":{"line":88,"column":6},"end":{"line":88,"column":32}},"24":{"start":{"line":96,"column":4},"end":{"line":100,"column":5}},"25":{"start":{"line":97,"column":6},"end":{"line":97,"column":42}},"26":{"start":{"line":99,"column":6},"end":{"line":99,"column":33}},"27":{"start":{"line":107,"column":4},"end":{"line":111,"column":5}},"28":{"start":{"line":108,"column":6},"end":{"line":108,"column":42}},"29":{"start":{"line":110,"column":6},"end":{"line":110,"column":33}},"30":{"start":{"line":118,"column":17},"end":{"line":118,"column":50}},"31":{"start":{"line":119,"column":4},"end":{"line":123,"column":7}},"32":{"start":{"line":120,"column":6},"end":{"line":122,"column":7}},"33":{"start":{"line":121,"column":8},"end":{"line":121,"column":39}},"34":{"start":{"line":124,"column":4},"end":{"line":124,"column":21}},"35":{"start":{"line":28,"column":13},"end":{"line":28,"column":32}},"36":{"start":{"line":28,"column":13},"end":{"line":126,"column":null}},"37":{"start":{"line":132,"column":2},"end":{"line":132,"column":61}}},"fnMap":{"0":{"name":"(anonymous_3)","decl":{"start":{"line":19,"column":11},"end":{"line":19,"column":12}},"loc":{"start":{"line":19,"column":23},"end":{"line":19,"column":39}}},"1":{"name":"(anonymous_4)","decl":{"start":{"line":33,"column":2},"end":{"line":33,"column":14}},"loc":{"start":{"line":33,"column":57},"end":{"line":41,"column":3}}},"2":{"name":"(anonymous_5)","decl":{"start":{"line":46,"column":2},"end":{"line":46,"column":17}},"loc":{"start":{"line":46,"column":39},"end":{"line":48,"column":3}}},"3":{"name":"(anonymous_6)","decl":{"start":{"line":53,"column":2},"end":{"line":53,"column":13}},"loc":{"start":{"line":53,"column":42},"end":{"line":57,"column":3}}},"4":{"name":"(anonymous_7)","decl":{"start":{"line":62,"column":2},"end":{"line":62,"column":5}},"loc":{"start":{"line":62,"column":52},"end":{"line":68,"column":3}}},"5":{"name":"(anonymous_8)","decl":{"start":{"line":73,"column":2},"end":{"line":73,"column":7}},"loc":{"start":{"line":73,"column":70},"end":{"line":79,"column":3}}},"6":{"name":"(anonymous_9)","decl":{"start":{"line":84,"column":2},"end":{"line":84,"column":6}},"loc":{"start":{"line":84,"column":53},"end":{"line":90,"column":3}}},"7":{"name":"(anonymous_10)","decl":{"start":{"line":95,"column":2},"end":{"line":95,"column":7}},"loc":{"start":{"line":95,"column":54},"end":{"line":101,"column":3}}},"8":{"name":"(anonymous_11)","decl":{"start":{"line":106,"column":2},"end":{"line":106,"column":9}},"loc":{"start":{"line":106,"column":56},"end":{"line":112,"column":3}}},"9":{"name":"(anonymous_12)","decl":{"start":{"line":117,"column":2},"end":{"line":117,"column":8}},"loc":{"start":{"line":117,"column":122},"end":{"line":125,"column":3}}},"10":{"name":"(anonymous_13)","decl":{"start":{"line":119,"column":19},"end":{"line":119,"column":24}},"loc":{"start":{"line":119,"column":27},"end":{"line":123,"column":5}}},"11":{"name":"getLogger","decl":{"start":{"line":131,"column":16},"end":{"line":131,"column":25}},"loc":{"start":{"line":131,"column":69},"end":{"line":133,"column":1}}}},"branchMap":{"0":{"loc":{"start":{"line":6,"column":9},"end":{"line":6,"column":40}},"type":"binary-expr","locations":[{"start":{"line":6,"column":9},"end":{"line":6,"column":30}},{"start":{"line":6,"column":34},"end":{"line":6,"column":40}}]},"1":{"loc":{"start":{"line":7,"column":13},"end":{"line":16,"column":15}},"type":"cond-expr","locations":[{"start":{"line":8,"column":6},"end":{"line":15,"column":null}},{"start":{"line":16,"column":6},"end":{"line":16,"column":15}}]},"2":{"loc":{"start":{"line":38,"column":4},"end":{"line":38,"column":62}},"type":"if","locations":[{"start":{"line":38,"column":4},"end":{"line":38,"column":62}}]},"3":{"loc":{"start":{"line":63,"column":4},"end":{"line":67,"column":5}},"type":"if","locations":[{"start":{"line":63,"column":4},"end":{"line":67,"column":5}},{"start":{"line":65,"column":11},"end":{"line":67,"column":5}}]},"4":{"loc":{"start":{"line":76,"column":10},"end":{"line":76,"column":35}},"type":"binary-expr","locations":[{"start":{"line":76,"column":10},"end":{"line":76,"column":15}},{"start":{"line":76,"column":19},"end":{"line":76,"column":35}}]},"5":{"loc":{"start":{"line":85,"column":4},"end":{"line":89,"column":5}},"type":"if","locations":[{"start":{"line":85,"column":4},"end":{"line":89,"column":5}},{"start":{"line":87,"column":11},"end":{"line":89,"column":5}}]},"6":{"loc":{"start":{"line":96,"column":4},"end":{"line":100,"column":5}},"type":"if","locations":[{"start":{"line":96,"column":4},"end":{"line":100,"column":5}},{"start":{"line":98,"column":11},"end":{"line":100,"column":5}}]},"7":{"loc":{"start":{"line":107,"column":4},"end":{"line":111,"column":5}},"type":"if","locations":[{"start":{"line":107,"column":4},"end":{"line":111,"column":5}},{"start":{"line":109,"column":11},"end":{"line":111,"column":5}}]},"8":{"loc":{"start":{"line":117,"column":55},"end":{"line":117,"column":122}},"type":"default-arg","locations":[{"start":{"line":117,"column":74},"end":{"line":117,"column":122}}]},"9":{"loc":{"start":{"line":120,"column":6},"end":{"line":122,"column":7}},"type":"if","locations":[{"start":{"line":120,"column":6},"end":{"line":122,"column":7}}]}},"s":{"0":0,"1":0,"2":0,"3":0,"4":0,"5":0,"6":0,"7":0,"8":0,"9":0,"10":0,"11":0,"12":0,"13":0,"14":0,"15":0,"16":0,"17":0,"18":0,"19":0,"20":0,"21":0,"22":0,"23":0,"24":0,"25":0,"26":0,"27":0,"28":0,"29":0,"30":0,"31":0,"32":0,"33":0,"34":0,"35":0,"36":0,"37":0},"f":{"0":0,"1":0,"2":0,"3":0,"4":0,"5":0,"6":0,"7":0,"8":0,"9":0,"10":0,"11":0},"b":{"0":[0,0],"1":[0,0],"2":[0],"3":[0,0],"4":[0,0],"5":[0,0],"6":[0,0],"7":[0,0],"8":[0],"9":[0]}}
,"/home/runner/work/meu-backend/meu-backend/src/test/test.controller.ts": {"path":"/home/runner/work/meu-backend/meu-backend/src/test/test.controller.ts","statementMap":{"0":{"start":{"line":1,"column":0},"end":{"line":1,"column":63}},"1":{"start":{"line":2,"column":0},"end":{"line":2,"column":44}},"2":{"start":{"line":3,"column":0},"end":{"line":3,"column":84}},"3":{"start":{"line":7,"column":27},"end":{"line":56,"column":null}},"4":{"start":{"line":10,"column":31},"end":{"line":10,"column":44}},"5":{"start":{"line":8,"column":19},"end":{"line":8,"column":60}},"6":{"start":{"line":15,"column":4},"end":{"line":18,"column":13}},"7":{"start":{"line":23,"column":24},"end":{"line":23,"column":25}},"8":{"start":{"line":24,"column":27},"end":{"line":24,"column":31}},"9":{"start":{"line":25,"column":16},"end":{"line":25,"column":52}},"10":{"start":{"line":27,"column":21},"end":{"line":45,"column":null}},"11":{"start":{"line":29,"column":8},"end":{"line":40,"column":null}},"12":{"start":{"line":30,"column":49},"end":{"line":30,"column":80}},"13":{"start":{"line":32,"column":26},"end":{"line":32,"column":49}},"14":{"start":{"line":33,"column":34},"end":{"line":33,"column":114}},"15":{"start":{"line":34,"column":12},"end":{"line":36,"column":13}},"16":{"start":{"line":35,"column":14},"end":{"line":35,"column":26}},"17":{"start":{"line":37,"column":30},"end":{"line":37,"column":73}},"18":{"start":{"line":38,"column":12},"end":{"line":38,"column":121}},"19":{"start":{"line":39,"column":12},"end":{"line":39,"column":36}},"20":{"start":{"line":44,"column":8},"end":{"line":44,"column":18}},"21":{"start":{"line":48,"column":4},"end":{"line":54,"column":5}},"22":{"start":{"line":49,"column":19},"end":{"line":49,"column":49}},"23":{"start":{"line":50,"column":6},"end":{"line":50,"column":43}},"24":{"start":{"line":52,"column":6},"end":{"line":52,"column":66}},"25":{"start":{"line":53,"column":6},"end":{"line":53,"column":55}},"26":{"start":{"line":7,"column":13},"end":{"line":7,"column":27}},"27":{"start":{"line":13,"column":2},"end":{"line":19,"column":null}},"28":{"start":{"line":22,"column":8},"end":{"line":55,"column":null}},"29":{"start":{"line":7,"column":13},"end":{"line":56,"column":null}}},"fnMap":{"0":{"name":"(anonymous_2)","decl":{"start":{"line":10,"column":2},"end":{"line":10,"column":31}},"loc":{"start":{"line":10,"column":55},"end":{"line":10,"column":59}}},"1":{"name":"(anonymous_3)","decl":{"start":{"line":13,"column":2},"end":{"line":13,"column":9}},"loc":{"start":{"line":13,"column":9},"end":{"line":19,"column":3}}},"2":{"name":"(anonymous_4)","decl":{"start":{"line":22,"column":2},"end":{"line":22,"column":7}},"loc":{"start":{"line":22,"column":20},"end":{"line":55,"column":3}}},"3":{"name":"(anonymous_5)","decl":{"start":{"line":28,"column":16},"end":{"line":28,"column":22}},"loc":{"start":{"line":29,"column":8},"end":{"line":40,"column":null}}},"4":{"name":"(anonymous_6)","decl":{"start":{"line":30,"column":15},"end":{"line":30,"column":16}},"loc":{"start":{"line":30,"column":49},"end":{"line":30,"column":80}}},"5":{"name":"(anonymous_7)","decl":{"start":{"line":31,"column":19},"end":{"line":31,"column":20}},"loc":{"start":{"line":31,"column":32},"end":{"line":40,"column":11}}},"6":{"name":"(anonymous_8)","decl":{"start":{"line":43,"column":17},"end":{"line":43,"column":20}},"loc":{"start":{"line":43,"column":23},"end":{"line":45,"column":7}}}},"branchMap":{"0":{"loc":{"start":{"line":33,"column":34},"end":{"line":33,"column":114}},"type":"binary-expr","locations":[{"start":{"line":33,"column":34},"end":{"line":33,"column":49}},{"start":{"line":33,"column":54},"end":{"line":33,"column":82}},{"start":{"line":33,"column":86},"end":{"line":33,"column":113}}]},"1":{"loc":{"start":{"line":34,"column":12},"end":{"line":36,"column":13}},"type":"if","locations":[{"start":{"line":34,"column":12},"end":{"line":36,"column":13}}]},"2":{"loc":{"start":{"line":34,"column":16},"end":{"line":34,"column":57}},"type":"binary-expr","locations":[{"start":{"line":34,"column":16},"end":{"line":34,"column":39}},{"start":{"line":34,"column":43},"end":{"line":34,"column":57}}]},"3":{"loc":{"start":{"line":53,"column":33},"end":{"line":53,"column":52}},"type":"binary-expr","locations":[{"start":{"line":53,"column":33},"end":{"line":53,"column":45}},{"start":{"line":53,"column":49},"end":{"line":53,"column":52}}]}},"s":{"0":0,"1":0,"2":0,"3":0,"4":0,"5":0,"6":0,"7":0,"8":0,"9":0,"10":0,"11":0,"12":0,"13":0,"14":0,"15":0,"16":0,"17":0,"18":0,"19":0,"20":0,"21":0,"22":0,"23":0,"24":0,"25":0,"26":0,"27":0,"28":0,"29":0},"f":{"0":0,"1":0,"2":0,"3":0,"4":0,"5":0,"6":0},"b":{"0":[0,0,0],"1":[0],"2":[0,0],"3":[0,0]}}
,"/home/runner/work/meu-backend/meu-backend/src/utils/phone.util.ts": {"path":"/home/runner/work/meu-backend/meu-backend/src/utils/phone.util.ts","statementMap":{"0":{"start":{"line":15,"column":0},"end":{"line":15,"column":16}},"1":{"start":{"line":60,"column":0},"end":{"line":60,"column":16}},"2":{"start":{"line":76,"column":0},"end":{"line":76,"column":16}},"3":{"start":{"line":103,"column":0},"end":{"line":103,"column":16}},"4":{"start":{"line":120,"column":0},"end":{"line":120,"column":16}},"5":{"start":{"line":141,"column":0},"end":{"line":141,"column":16}},"6":{"start":{"line":16,"column":2},"end":{"line":16,"column":55}},"7":{"start":{"line":16,"column":43},"end":{"line":16,"column":55}},"8":{"start":{"line":19,"column":15},"end":{"line":19,"column":39}},"9":{"start":{"line":22,"column":2},"end":{"line":24,"column":3}},"10":{"start":{"line":23,"column":4},"end":{"line":23,"column":33}},"11":{"start":{"line":27,"column":2},"end":{"line":35,"column":3}},"12":{"start":{"line":30,"column":4},"end":{"line":32,"column":5}},"13":{"start":{"line":31,"column":6},"end":{"line":31,"column":26}},"14":{"start":{"line":34,"column":4},"end":{"line":34,"column":16}},"15":{"start":{"line":38,"column":2},"end":{"line":40,"column":3}},"16":{"start":{"line":39,"column":4},"end":{"line":39,"column":26}},"17":{"start":{"line":43,"column":2},"end":{"line":45,"column":3}},"18":{"start":{"line":44,"column":4},"end":{"line":44,"column":26}},"19":{"start":{"line":48,"column":2},"end":{"line":48,"column":14}},"20":{"start":{"line":61,"column":2},"end":{"line":61,"column":27}},"21":{"start":{"line":61,"column":14},"end":{"line":61,"column":27}},"22":{"start":{"line":63,"column":2},"end":{"line":63,"column":39}},"23":{"start":{"line":77,"column":15},"end":{"line":77,"column":28}},"24":{"start":{"line":78,"column":2},"end":{"line":78,"column":26}},"25":{"start":{"line":78,"column":13},"end":{"line":78,"column":26}},"26":{"start":{"line":81,"column":17},"end":{"line":81,"column":40}},"27":{"start":{"line":83,"column":2},"end":{"line":89,"column":3}},"28":{"start":{"line":85,"column":4},"end":{"line":85,"column":90}},"29":{"start":{"line":86,"column":9},"end":{"line":89,"column":3}},"30":{"start":{"line":88,"column":4},"end":{"line":88,"column":90}},"31":{"start":{"line":91,"column":2},"end":{"line":91,"column":15}},"32":{"start":{"line":104,"column":15},"end":{"line":104,"column":28}},"33":{"start":{"line":105,"column":2},"end":{"line":105,"column":26}},"34":{"start":{"line":105,"column":13},"end":{"line":105,"column":26}},"35":{"start":{"line":107,"column":17},"end":{"line":107,"column":40}},"36":{"start":{"line":108,"column":2},"end":{"line":108,"column":30}},"37":{"start":{"line":121,"column":15},"end":{"line":121,"column":28}},"38":{"start":{"line":122,"column":2},"end":{"line":122,"column":25}},"39":{"start":{"line":122,"column":13},"end":{"line":122,"column":25}},"40":{"start":{"line":124,"column":17},"end":{"line":124,"column":40}},"41":{"start":{"line":125,"column":2},"end":{"line":125,"column":32}},"42":{"start":{"line":131,"column":13},"end":{"line":136,"column":2}},"43":{"start":{"line":142,"column":2},"end":{"line":142,"column":57}}},"fnMap":{"0":{"name":"toE164","decl":{"start":{"line":15,"column":16},"end":{"line":15,"column":22}},"loc":{"start":{"line":15,"column":36},"end":{"line":49,"column":1}}},"1":{"name":"isValidE164","decl":{"start":{"line":60,"column":16},"end":{"line":60,"column":27}},"loc":{"start":{"line":60,"column":41},"end":{"line":64,"column":1}}},"2":{"name":"formatPhoneDisplay","decl":{"start":{"line":76,"column":16},"end":{"line":76,"column":34}},"loc":{"start":{"line":76,"column":48},"end":{"line":92,"column":1}}},"3":{"name":"isCelular","decl":{"start":{"line":103,"column":16},"end":{"line":103,"column":25}},"loc":{"start":{"line":103,"column":39},"end":{"line":109,"column":1}}},"4":{"name":"extractDDD","decl":{"start":{"line":120,"column":16},"end":{"line":120,"column":26}},"loc":{"start":{"line":120,"column":40},"end":{"line":126,"column":1}}},"5":{"name":"isValidDDD","decl":{"start":{"line":141,"column":16},"end":{"line":141,"column":26}},"loc":{"start":{"line":141,"column":38},"end":{"line":143,"column":1}}}},"branchMap":{"0":{"loc":{"start":{"line":16,"column":2},"end":{"line":16,"column":55}},"type":"if","locations":[{"start":{"line":16,"column":2},"end":{"line":16,"column":55}}]},"1":{"loc":{"start":{"line":16,"column":6},"end":{"line":16,"column":41}},"type":"binary-expr","locations":[{"start":{"line":16,"column":6},"end":{"line":16,"column":12}},{"start":{"line":16,"column":16},"end":{"line":16,"column":41}}]},"2":{"loc":{"start":{"line":22,"column":2},"end":{"line":24,"column":3}},"type":"if","locations":[{"start":{"line":22,"column":2},"end":{"line":24,"column":3}}]},"3":{"loc":{"start":{"line":27,"column":2},"end":{"line":35,"column":3}},"type":"if","locations":[{"start":{"line":27,"column":2},"end":{"line":35,"column":3}}]},"4":{"loc":{"start":{"line":30,"column":4},"end":{"line":32,"column":5}},"type":"if","locations":[{"start":{"line":30,"column":4},"end":{"line":32,"column":5}}]},"5":{"loc":{"start":{"line":30,"column":8},"end":{"line":30,"column":52}},"type":"binary-expr","locations":[{"start":{"line":30,"column":8},"end":{"line":30,"column":28}},{"start":{"line":30,"column":32},"end":{"line":30,"column":52}}]},"6":{"loc":{"start":{"line":38,"column":2},"end":{"line":40,"column":3}},"type":"if","locations":[{"start":{"line":38,"column":2},"end":{"line":40,"column":3}}]},"7":{"loc":{"start":{"line":43,"column":2},"end":{"line":45,"column":3}},"type":"if","locations":[{"start":{"line":43,"column":2},"end":{"line":45,"column":3}}]},"8":{"loc":{"start":{"line":61,"column":2},"end":{"line":61,"column":27}},"type":"if","locations":[{"start":{"line":61,"column":2},"end":{"line":61,"column":27}}]},"9":{"loc":{"start":{"line":78,"column":2},"end":{"line":78,"column":26}},"type":"if","locations":[{"start":{"line":78,"column":2},"end":{"line":78,"column":26}}]},"10":{"loc":{"start":{"line":83,"column":2},"end":{"line":89,"column":3}},"type":"if","locations":[{"start":{"line":83,"column":2},"end":{"line":89,"column":3}},{"start":{"line":86,"column":9},"end":{"line":89,"column":3}}]},"11":{"loc":{"start":{"line":86,"column":9},"end":{"line":89,"column":3}},"type":"if","locations":[{"start":{"line":86,"column":9},"end":{"line":89,"column":3}}]},"12":{"loc":{"start":{"line":105,"column":2},"end":{"line":105,"column":26}},"type":"if","locations":[{"start":{"line":105,"column":2},"end":{"line":105,"column":26}}]},"13":{"loc":{"start":{"line":122,"column":2},"end":{"line":122,"column":25}},"type":"if","locations":[{"start":{"line":122,"column":2},"end":{"line":122,"column":25}}]}},"s":{"0":0,"1":0,"2":0,"3":0,"4":0,"5":0,"6":0,"7":0,"8":0,"9":0,"10":0,"11":0,"12":0,"13":0,"14":0,"15":0,"16":0,"17":0,"18":0,"19":0,"20":0,"21":0,"22":0,"23":0,"24":0,"25":0,"26":0,"27":0,"28":0,"29":0,"30":0,"31":0,"32":0,"33":0,"34":0,"35":0,"36":0,"37":0,"38":0,"39":0,"40":0,"41":0,"42":0,"43":0},"f":{"0":0,"1":0,"2":0,"3":0,"4":0,"5":0},"b":{"0":[0],"1":[0,0],"2":[0],"3":[0],"4":[0],"5":[0,0],"6":[0],"7":[0],"8":[0],"9":[0],"10":[0,0],"11":[0],"12":[0],"13":[0]}}
}
